<testsuites id="" name="" tests="479" failures="59" skipped="420" errors="0" time="22.003566000000003">
<testsuite name="auth.setup.ts" timestamp="2025-10-01T23:47:53.207Z" hostname="setup" tests="1" failures="1" skipped="0" time="19.665" errors="0">
<testcase name="authenticate with demo account" classname="auth.setup.ts" time="19.665">
<failure message="auth.setup.ts:10:6 authenticate with demo account" type="FAILURE">
<![CDATA[  [setup] › auth.setup.ts:10:6 › authenticate with demo account ────────────────────────────────────

    TimeoutError: page.waitForURL: Timeout 10000ms exceeded.
    =========================== logs ===========================
    waiting for navigation until "load"
    ============================================================

      71 |
      72 |   // Wait for authentication to complete
    > 73 |   await page.waitForURL(url => url.pathname === '/' || url.pathname.includes('/dashboard'), {
         |              ^
      74 |     timeout: 10000
      75 |   });
      76 |
        at C:\Users\damat\_REPOS\ASTRAL_PLANNER\tests\e2e\auth.setup.ts:73:14

    attachment #1: screenshot (image/png) ──────────────────────────────────────────────────────────
    ..\..\test-results\e2e\auth.setup.ts-authenticate-with-demo-account-setup\test-failed-1.png
    ────────────────────────────────────────────────────────────────────────────────────────────────

    attachment #2: video (video/webm) ──────────────────────────────────────────────────────────────
    ..\..\test-results\e2e\auth.setup.ts-authenticate-with-demo-account-setup\video.webm
    ────────────────────────────────────────────────────────────────────────────────────────────────

    Error Context: ..\..\test-results\e2e\auth.setup.ts-authenticate-with-demo-account-setup\error-context.md
]]>
</failure>
<system-out>
<![CDATA[
[[ATTACHMENT|test-results\e2e\auth.setup.ts-authenticate-with-demo-account-setup\test-failed-1.png]]

[[ATTACHMENT|test-results\e2e\auth.setup.ts-authenticate-with-demo-account-setup\video.webm]]

[[ATTACHMENT|test-results\e2e\auth.setup.ts-authenticate-with-demo-account-setup\error-context.md]]
]]>
</system-out>
</testcase>
</testsuite>
<testsuite name="auth.spec.ts" timestamp="2025-10-01T23:47:53.207Z" hostname="chromium" tests="29" failures="0" skipped="29" time="0" errors="0">
<testcase name="Authentication E2E Tests › Public Route Access › should allow access to home page without authentication" classname="auth.spec.ts" time="0">
<skipped>
</skipped>
</testcase>
<testcase name="Authentication E2E Tests › Public Route Access › should allow access to login page without authentication" classname="auth.spec.ts" time="0">
<skipped>
</skipped>
</testcase>
<testcase name="Authentication E2E Tests › Public Route Access › should show appropriate UI for unauthenticated users" classname="auth.spec.ts" time="0">
<skipped>
</skipped>
</testcase>
<testcase name="Authentication E2E Tests › Protected Route Access › should redirect to login when accessing dashboard without auth" classname="auth.spec.ts" time="0">
<skipped>
</skipped>
</testcase>
<testcase name="Authentication E2E Tests › Protected Route Access › should redirect to login when accessing protected routes" classname="auth.spec.ts" time="0">
<skipped>
</skipped>
</testcase>
<testcase name="Authentication E2E Tests › Protected Route Access › should preserve intended destination after login" classname="auth.spec.ts" time="0">
<skipped>
</skipped>
</testcase>
<testcase name="Authentication E2E Tests › Authentication Flow › should successfully login demo user" classname="auth.spec.ts" time="0">
<skipped>
</skipped>
</testcase>
<testcase name="Authentication E2E Tests › Authentication Flow › should redirect authenticated user away from login page" classname="auth.spec.ts" time="0">
<skipped>
</skipped>
</testcase>
<testcase name="Authentication E2E Tests › Authentication Flow › should successfully logout user" classname="auth.spec.ts" time="0">
<skipped>
</skipped>
</testcase>
<testcase name="Authentication E2E Tests › Authentication Flow › should clear all user data on logout" classname="auth.spec.ts" time="0">
<skipped>
</skipped>
</testcase>
<testcase name="Authentication E2E Tests › Session Management › should maintain session across page refreshes" classname="auth.spec.ts" time="0">
<skipped>
</skipped>
</testcase>
<testcase name="Authentication E2E Tests › Session Management › should maintain session across navigation" classname="auth.spec.ts" time="0">
<skipped>
</skipped>
</testcase>
<testcase name="Authentication E2E Tests › Session Management › should handle session expiry" classname="auth.spec.ts" time="0">
<skipped>
</skipped>
</testcase>
<testcase name="Authentication E2E Tests › Session Management › should handle corrupted session data" classname="auth.spec.ts" time="0">
<skipped>
</skipped>
</testcase>
<testcase name="Authentication E2E Tests › Cross-Tab Authentication › should sync authentication across tabs" classname="auth.spec.ts" time="0">
<skipped>
</skipped>
</testcase>
<testcase name="Authentication E2E Tests › Cross-Tab Authentication › should sync logout across tabs" classname="auth.spec.ts" time="0">
<skipped>
</skipped>
</testcase>
<testcase name="Authentication E2E Tests › API Integration › should call auth API endpoints correctly" classname="auth.spec.ts" time="0">
<skipped>
</skipped>
</testcase>
<testcase name="Authentication E2E Tests › API Integration › should handle API errors gracefully" classname="auth.spec.ts" time="0">
<skipped>
</skipped>
</testcase>
<testcase name="Authentication E2E Tests › API Integration › should handle network failures" classname="auth.spec.ts" time="0">
<skipped>
</skipped>
</testcase>
<testcase name="Authentication E2E Tests › Security Tests › should prevent access to admin routes for regular users" classname="auth.spec.ts" time="0">
<skipped>
</skipped>
</testcase>
<testcase name="Authentication E2E Tests › Security Tests › should not expose sensitive auth data in client" classname="auth.spec.ts" time="0">
<skipped>
</skipped>
</testcase>
<testcase name="Authentication E2E Tests › Security Tests › should handle XSS attempts in auth data" classname="auth.spec.ts" time="0">
<skipped>
</skipped>
</testcase>
<testcase name="Authentication E2E Tests › Performance Tests › should load authenticated pages quickly" classname="auth.spec.ts" time="0">
<skipped>
</skipped>
</testcase>
<testcase name="Authentication E2E Tests › Performance Tests › should handle rapid navigation without issues" classname="auth.spec.ts" time="0">
<skipped>
</skipped>
</testcase>
<testcase name="Authentication E2E Tests › Performance Tests › should not cause memory leaks with repeated auth operations" classname="auth.spec.ts" time="0">
<skipped>
</skipped>
</testcase>
<testcase name="Authentication E2E Tests › Mobile and Responsive Tests › should work on mobile devices" classname="auth.spec.ts" time="0">
<skipped>
</skipped>
</testcase>
<testcase name="Authentication E2E Tests › Mobile and Responsive Tests › should work on tablet devices" classname="auth.spec.ts" time="0">
<skipped>
</skipped>
</testcase>
<testcase name="Authentication E2E Tests › Accessibility Tests › should be accessible with keyboard navigation" classname="auth.spec.ts" time="0">
<skipped>
</skipped>
</testcase>
<testcase name="Authentication E2E Tests › Accessibility Tests › should have proper ARIA labels and roles" classname="auth.spec.ts" time="0">
<skipped>
</skipped>
</testcase>
</testsuite>
<testsuite name="dashboard.e2e.test.ts" timestamp="2025-10-01T23:47:53.207Z" hostname="chromium" tests="14" failures="0" skipped="14" time="0" errors="0">
<testcase name="Dashboard E2E Tests › should load dashboard successfully" classname="dashboard.e2e.test.ts" time="0">
<skipped>
</skipped>
</testcase>
<testcase name="Dashboard E2E Tests › should display correct welcome message based on time" classname="dashboard.e2e.test.ts" time="0">
<skipped>
</skipped>
</testcase>
<testcase name="Dashboard E2E Tests › should display stats cards with correct data" classname="dashboard.e2e.test.ts" time="0">
<skipped>
</skipped>
</testcase>
<testcase name="Dashboard E2E Tests › should navigate between tabs correctly" classname="dashboard.e2e.test.ts" time="0">
<skipped>
</skipped>
</testcase>
<testcase name="Dashboard E2E Tests › should display upcoming tasks" classname="dashboard.e2e.test.ts" time="0">
<skipped>
</skipped>
</testcase>
<testcase name="Dashboard E2E Tests › should display recent achievements" classname="dashboard.e2e.test.ts" time="0">
<skipped>
</skipped>
</testcase>
<testcase name="Dashboard E2E Tests › should be responsive across different screen sizes" classname="dashboard.e2e.test.ts" time="0">
<skipped>
</skipped>
</testcase>
<testcase name="Dashboard E2E Tests › should handle loading states correctly" classname="dashboard.e2e.test.ts" time="0">
<skipped>
</skipped>
</testcase>
<testcase name="Dashboard E2E Tests › should maintain accessibility standards" classname="dashboard.e2e.test.ts" time="0">
<skipped>
</skipped>
</testcase>
<testcase name="Dashboard E2E Tests › should handle errors gracefully" classname="dashboard.e2e.test.ts" time="0">
<skipped>
</skipped>
</testcase>
<testcase name="Dashboard E2E Tests › should perform well under load" classname="dashboard.e2e.test.ts" time="0">
<skipped>
</skipped>
</testcase>
<testcase name="Dashboard E2E Tests › should work across different browsers" classname="dashboard.e2e.test.ts" time="0">
<skipped>
</skipped>
</testcase>
<testcase name="Dashboard Performance Tests › should meet Core Web Vitals requirements" classname="dashboard.e2e.test.ts" time="0">
<skipped>
</skipped>
</testcase>
<testcase name="Dashboard Performance Tests › should have acceptable bundle size" classname="dashboard.e2e.test.ts" time="0">
<skipped>
</skipped>
</testcase>
</testsuite>
<testsuite name="demo-account.e2e.test.ts" timestamp="2025-10-01T23:47:53.207Z" hostname="chromium" tests="17" failures="0" skipped="17" time="0" errors="0">
<testcase name="Demo Account E2E Tests › Authentication Flow › should login with demo account PIN 0000" classname="demo-account.e2e.test.ts" time="0">
<skipped>
</skipped>
</testcase>
<testcase name="Demo Account E2E Tests › Authentication Flow › should maintain authentication across page reloads" classname="demo-account.e2e.test.ts" time="0">
<skipped>
</skipped>
</testcase>
<testcase name="Demo Account E2E Tests › Authentication Flow › should persist authentication across browser sessions" classname="demo-account.e2e.test.ts" time="0">
<skipped>
</skipped>
</testcase>
<testcase name="Demo Account E2E Tests › Dashboard Functionality › should display dashboard after login" classname="demo-account.e2e.test.ts" time="0">
<skipped>
</skipped>
</testcase>
<testcase name="Demo Account E2E Tests › Dashboard Functionality › should show demo user information" classname="demo-account.e2e.test.ts" time="0">
<skipped>
</skipped>
</testcase>
<testcase name="Demo Account E2E Tests › Dashboard Functionality › should handle navigation between sections" classname="demo-account.e2e.test.ts" time="0">
<skipped>
</skipped>
</testcase>
<testcase name="Demo Account E2E Tests › Core Features › should create and display tasks" classname="demo-account.e2e.test.ts" time="0">
<skipped>
</skipped>
</testcase>
<testcase name="Demo Account E2E Tests › Core Features › should access goals section" classname="demo-account.e2e.test.ts" time="0">
<skipped>
</skipped>
</testcase>
<testcase name="Demo Account E2E Tests › Core Features › should access habits section" classname="demo-account.e2e.test.ts" time="0">
<skipped>
</skipped>
</testcase>
<testcase name="Demo Account E2E Tests › Error Handling › should reject invalid PIN" classname="demo-account.e2e.test.ts" time="0">
<skipped>
</skipped>
</testcase>
<testcase name="Demo Account E2E Tests › Error Handling › should handle network errors gracefully" classname="demo-account.e2e.test.ts" time="0">
<skipped>
</skipped>
</testcase>
<testcase name="Demo Account E2E Tests › Performance › should load dashboard within acceptable time" classname="demo-account.e2e.test.ts" time="0">
<skipped>
</skipped>
</testcase>
<testcase name="Demo Account E2E Tests › Performance › should handle multiple rapid navigations" classname="demo-account.e2e.test.ts" time="0">
<skipped>
</skipped>
</testcase>
<testcase name="Demo Account E2E Tests › Mobile Responsiveness › should work on mobile viewport" classname="demo-account.e2e.test.ts" time="0">
<skipped>
</skipped>
</testcase>
<testcase name="Demo Account E2E Tests › Mobile Responsiveness › should maintain functionality on tablet viewport" classname="demo-account.e2e.test.ts" time="0">
<skipped>
</skipped>
</testcase>
<testcase name="Demo Account E2E Tests › Accessibility › should be accessible with keyboard navigation" classname="demo-account.e2e.test.ts" time="0">
<skipped>
</skipped>
</testcase>
<testcase name="Demo Account E2E Tests › Accessibility › should have proper ARIA labels" classname="demo-account.e2e.test.ts" time="0">
<skipped>
</skipped>
</testcase>
</testsuite>
<testsuite name="auth.spec.ts" timestamp="2025-10-01T23:47:53.207Z" hostname="firefox" tests="29" failures="0" skipped="29" time="0" errors="0">
<testcase name="Authentication E2E Tests › Public Route Access › should allow access to home page without authentication" classname="auth.spec.ts" time="0">
<skipped>
</skipped>
</testcase>
<testcase name="Authentication E2E Tests › Public Route Access › should allow access to login page without authentication" classname="auth.spec.ts" time="0">
<skipped>
</skipped>
</testcase>
<testcase name="Authentication E2E Tests › Public Route Access › should show appropriate UI for unauthenticated users" classname="auth.spec.ts" time="0">
<skipped>
</skipped>
</testcase>
<testcase name="Authentication E2E Tests › Protected Route Access › should redirect to login when accessing dashboard without auth" classname="auth.spec.ts" time="0">
<skipped>
</skipped>
</testcase>
<testcase name="Authentication E2E Tests › Protected Route Access › should redirect to login when accessing protected routes" classname="auth.spec.ts" time="0">
<skipped>
</skipped>
</testcase>
<testcase name="Authentication E2E Tests › Protected Route Access › should preserve intended destination after login" classname="auth.spec.ts" time="0">
<skipped>
</skipped>
</testcase>
<testcase name="Authentication E2E Tests › Authentication Flow › should successfully login demo user" classname="auth.spec.ts" time="0">
<skipped>
</skipped>
</testcase>
<testcase name="Authentication E2E Tests › Authentication Flow › should redirect authenticated user away from login page" classname="auth.spec.ts" time="0">
<skipped>
</skipped>
</testcase>
<testcase name="Authentication E2E Tests › Authentication Flow › should successfully logout user" classname="auth.spec.ts" time="0">
<skipped>
</skipped>
</testcase>
<testcase name="Authentication E2E Tests › Authentication Flow › should clear all user data on logout" classname="auth.spec.ts" time="0">
<skipped>
</skipped>
</testcase>
<testcase name="Authentication E2E Tests › Session Management › should maintain session across page refreshes" classname="auth.spec.ts" time="0">
<skipped>
</skipped>
</testcase>
<testcase name="Authentication E2E Tests › Session Management › should maintain session across navigation" classname="auth.spec.ts" time="0">
<skipped>
</skipped>
</testcase>
<testcase name="Authentication E2E Tests › Session Management › should handle session expiry" classname="auth.spec.ts" time="0">
<skipped>
</skipped>
</testcase>
<testcase name="Authentication E2E Tests › Session Management › should handle corrupted session data" classname="auth.spec.ts" time="0">
<skipped>
</skipped>
</testcase>
<testcase name="Authentication E2E Tests › Cross-Tab Authentication › should sync authentication across tabs" classname="auth.spec.ts" time="0">
<skipped>
</skipped>
</testcase>
<testcase name="Authentication E2E Tests › Cross-Tab Authentication › should sync logout across tabs" classname="auth.spec.ts" time="0">
<skipped>
</skipped>
</testcase>
<testcase name="Authentication E2E Tests › API Integration › should call auth API endpoints correctly" classname="auth.spec.ts" time="0">
<skipped>
</skipped>
</testcase>
<testcase name="Authentication E2E Tests › API Integration › should handle API errors gracefully" classname="auth.spec.ts" time="0">
<skipped>
</skipped>
</testcase>
<testcase name="Authentication E2E Tests › API Integration › should handle network failures" classname="auth.spec.ts" time="0">
<skipped>
</skipped>
</testcase>
<testcase name="Authentication E2E Tests › Security Tests › should prevent access to admin routes for regular users" classname="auth.spec.ts" time="0">
<skipped>
</skipped>
</testcase>
<testcase name="Authentication E2E Tests › Security Tests › should not expose sensitive auth data in client" classname="auth.spec.ts" time="0">
<skipped>
</skipped>
</testcase>
<testcase name="Authentication E2E Tests › Security Tests › should handle XSS attempts in auth data" classname="auth.spec.ts" time="0">
<skipped>
</skipped>
</testcase>
<testcase name="Authentication E2E Tests › Performance Tests › should load authenticated pages quickly" classname="auth.spec.ts" time="0">
<skipped>
</skipped>
</testcase>
<testcase name="Authentication E2E Tests › Performance Tests › should handle rapid navigation without issues" classname="auth.spec.ts" time="0">
<skipped>
</skipped>
</testcase>
<testcase name="Authentication E2E Tests › Performance Tests › should not cause memory leaks with repeated auth operations" classname="auth.spec.ts" time="0">
<skipped>
</skipped>
</testcase>
<testcase name="Authentication E2E Tests › Mobile and Responsive Tests › should work on mobile devices" classname="auth.spec.ts" time="0">
<skipped>
</skipped>
</testcase>
<testcase name="Authentication E2E Tests › Mobile and Responsive Tests › should work on tablet devices" classname="auth.spec.ts" time="0">
<skipped>
</skipped>
</testcase>
<testcase name="Authentication E2E Tests › Accessibility Tests › should be accessible with keyboard navigation" classname="auth.spec.ts" time="0">
<skipped>
</skipped>
</testcase>
<testcase name="Authentication E2E Tests › Accessibility Tests › should have proper ARIA labels and roles" classname="auth.spec.ts" time="0">
<skipped>
</skipped>
</testcase>
</testsuite>
<testsuite name="dashboard.e2e.test.ts" timestamp="2025-10-01T23:47:53.207Z" hostname="firefox" tests="14" failures="0" skipped="14" time="0" errors="0">
<testcase name="Dashboard E2E Tests › should load dashboard successfully" classname="dashboard.e2e.test.ts" time="0">
<skipped>
</skipped>
</testcase>
<testcase name="Dashboard E2E Tests › should display correct welcome message based on time" classname="dashboard.e2e.test.ts" time="0">
<skipped>
</skipped>
</testcase>
<testcase name="Dashboard E2E Tests › should display stats cards with correct data" classname="dashboard.e2e.test.ts" time="0">
<skipped>
</skipped>
</testcase>
<testcase name="Dashboard E2E Tests › should navigate between tabs correctly" classname="dashboard.e2e.test.ts" time="0">
<skipped>
</skipped>
</testcase>
<testcase name="Dashboard E2E Tests › should display upcoming tasks" classname="dashboard.e2e.test.ts" time="0">
<skipped>
</skipped>
</testcase>
<testcase name="Dashboard E2E Tests › should display recent achievements" classname="dashboard.e2e.test.ts" time="0">
<skipped>
</skipped>
</testcase>
<testcase name="Dashboard E2E Tests › should be responsive across different screen sizes" classname="dashboard.e2e.test.ts" time="0">
<skipped>
</skipped>
</testcase>
<testcase name="Dashboard E2E Tests › should handle loading states correctly" classname="dashboard.e2e.test.ts" time="0">
<skipped>
</skipped>
</testcase>
<testcase name="Dashboard E2E Tests › should maintain accessibility standards" classname="dashboard.e2e.test.ts" time="0">
<skipped>
</skipped>
</testcase>
<testcase name="Dashboard E2E Tests › should handle errors gracefully" classname="dashboard.e2e.test.ts" time="0">
<skipped>
</skipped>
</testcase>
<testcase name="Dashboard E2E Tests › should perform well under load" classname="dashboard.e2e.test.ts" time="0">
<skipped>
</skipped>
</testcase>
<testcase name="Dashboard E2E Tests › should work across different browsers" classname="dashboard.e2e.test.ts" time="0">
<skipped>
</skipped>
</testcase>
<testcase name="Dashboard Performance Tests › should meet Core Web Vitals requirements" classname="dashboard.e2e.test.ts" time="0">
<skipped>
</skipped>
</testcase>
<testcase name="Dashboard Performance Tests › should have acceptable bundle size" classname="dashboard.e2e.test.ts" time="0">
<skipped>
</skipped>
</testcase>
</testsuite>
<testsuite name="demo-account.e2e.test.ts" timestamp="2025-10-01T23:47:53.207Z" hostname="firefox" tests="17" failures="0" skipped="17" time="0" errors="0">
<testcase name="Demo Account E2E Tests › Authentication Flow › should login with demo account PIN 0000" classname="demo-account.e2e.test.ts" time="0">
<skipped>
</skipped>
</testcase>
<testcase name="Demo Account E2E Tests › Authentication Flow › should maintain authentication across page reloads" classname="demo-account.e2e.test.ts" time="0">
<skipped>
</skipped>
</testcase>
<testcase name="Demo Account E2E Tests › Authentication Flow › should persist authentication across browser sessions" classname="demo-account.e2e.test.ts" time="0">
<skipped>
</skipped>
</testcase>
<testcase name="Demo Account E2E Tests › Dashboard Functionality › should display dashboard after login" classname="demo-account.e2e.test.ts" time="0">
<skipped>
</skipped>
</testcase>
<testcase name="Demo Account E2E Tests › Dashboard Functionality › should show demo user information" classname="demo-account.e2e.test.ts" time="0">
<skipped>
</skipped>
</testcase>
<testcase name="Demo Account E2E Tests › Dashboard Functionality › should handle navigation between sections" classname="demo-account.e2e.test.ts" time="0">
<skipped>
</skipped>
</testcase>
<testcase name="Demo Account E2E Tests › Core Features › should create and display tasks" classname="demo-account.e2e.test.ts" time="0">
<skipped>
</skipped>
</testcase>
<testcase name="Demo Account E2E Tests › Core Features › should access goals section" classname="demo-account.e2e.test.ts" time="0">
<skipped>
</skipped>
</testcase>
<testcase name="Demo Account E2E Tests › Core Features › should access habits section" classname="demo-account.e2e.test.ts" time="0">
<skipped>
</skipped>
</testcase>
<testcase name="Demo Account E2E Tests › Error Handling › should reject invalid PIN" classname="demo-account.e2e.test.ts" time="0">
<skipped>
</skipped>
</testcase>
<testcase name="Demo Account E2E Tests › Error Handling › should handle network errors gracefully" classname="demo-account.e2e.test.ts" time="0">
<skipped>
</skipped>
</testcase>
<testcase name="Demo Account E2E Tests › Performance › should load dashboard within acceptable time" classname="demo-account.e2e.test.ts" time="0">
<skipped>
</skipped>
</testcase>
<testcase name="Demo Account E2E Tests › Performance › should handle multiple rapid navigations" classname="demo-account.e2e.test.ts" time="0">
<skipped>
</skipped>
</testcase>
<testcase name="Demo Account E2E Tests › Mobile Responsiveness › should work on mobile viewport" classname="demo-account.e2e.test.ts" time="0">
<skipped>
</skipped>
</testcase>
<testcase name="Demo Account E2E Tests › Mobile Responsiveness › should maintain functionality on tablet viewport" classname="demo-account.e2e.test.ts" time="0">
<skipped>
</skipped>
</testcase>
<testcase name="Demo Account E2E Tests › Accessibility › should be accessible with keyboard navigation" classname="demo-account.e2e.test.ts" time="0">
<skipped>
</skipped>
</testcase>
<testcase name="Demo Account E2E Tests › Accessibility › should have proper ARIA labels" classname="demo-account.e2e.test.ts" time="0">
<skipped>
</skipped>
</testcase>
</testsuite>
<testsuite name="auth.spec.ts" timestamp="2025-10-01T23:47:53.207Z" hostname="webkit" tests="29" failures="0" skipped="29" time="0" errors="0">
<testcase name="Authentication E2E Tests › Public Route Access › should allow access to home page without authentication" classname="auth.spec.ts" time="0">
<skipped>
</skipped>
</testcase>
<testcase name="Authentication E2E Tests › Public Route Access › should allow access to login page without authentication" classname="auth.spec.ts" time="0">
<skipped>
</skipped>
</testcase>
<testcase name="Authentication E2E Tests › Public Route Access › should show appropriate UI for unauthenticated users" classname="auth.spec.ts" time="0">
<skipped>
</skipped>
</testcase>
<testcase name="Authentication E2E Tests › Protected Route Access › should redirect to login when accessing dashboard without auth" classname="auth.spec.ts" time="0">
<skipped>
</skipped>
</testcase>
<testcase name="Authentication E2E Tests › Protected Route Access › should redirect to login when accessing protected routes" classname="auth.spec.ts" time="0">
<skipped>
</skipped>
</testcase>
<testcase name="Authentication E2E Tests › Protected Route Access › should preserve intended destination after login" classname="auth.spec.ts" time="0">
<skipped>
</skipped>
</testcase>
<testcase name="Authentication E2E Tests › Authentication Flow › should successfully login demo user" classname="auth.spec.ts" time="0">
<skipped>
</skipped>
</testcase>
<testcase name="Authentication E2E Tests › Authentication Flow › should redirect authenticated user away from login page" classname="auth.spec.ts" time="0">
<skipped>
</skipped>
</testcase>
<testcase name="Authentication E2E Tests › Authentication Flow › should successfully logout user" classname="auth.spec.ts" time="0">
<skipped>
</skipped>
</testcase>
<testcase name="Authentication E2E Tests › Authentication Flow › should clear all user data on logout" classname="auth.spec.ts" time="0">
<skipped>
</skipped>
</testcase>
<testcase name="Authentication E2E Tests › Session Management › should maintain session across page refreshes" classname="auth.spec.ts" time="0">
<skipped>
</skipped>
</testcase>
<testcase name="Authentication E2E Tests › Session Management › should maintain session across navigation" classname="auth.spec.ts" time="0">
<skipped>
</skipped>
</testcase>
<testcase name="Authentication E2E Tests › Session Management › should handle session expiry" classname="auth.spec.ts" time="0">
<skipped>
</skipped>
</testcase>
<testcase name="Authentication E2E Tests › Session Management › should handle corrupted session data" classname="auth.spec.ts" time="0">
<skipped>
</skipped>
</testcase>
<testcase name="Authentication E2E Tests › Cross-Tab Authentication › should sync authentication across tabs" classname="auth.spec.ts" time="0">
<skipped>
</skipped>
</testcase>
<testcase name="Authentication E2E Tests › Cross-Tab Authentication › should sync logout across tabs" classname="auth.spec.ts" time="0">
<skipped>
</skipped>
</testcase>
<testcase name="Authentication E2E Tests › API Integration › should call auth API endpoints correctly" classname="auth.spec.ts" time="0">
<skipped>
</skipped>
</testcase>
<testcase name="Authentication E2E Tests › API Integration › should handle API errors gracefully" classname="auth.spec.ts" time="0">
<skipped>
</skipped>
</testcase>
<testcase name="Authentication E2E Tests › API Integration › should handle network failures" classname="auth.spec.ts" time="0">
<skipped>
</skipped>
</testcase>
<testcase name="Authentication E2E Tests › Security Tests › should prevent access to admin routes for regular users" classname="auth.spec.ts" time="0">
<skipped>
</skipped>
</testcase>
<testcase name="Authentication E2E Tests › Security Tests › should not expose sensitive auth data in client" classname="auth.spec.ts" time="0">
<skipped>
</skipped>
</testcase>
<testcase name="Authentication E2E Tests › Security Tests › should handle XSS attempts in auth data" classname="auth.spec.ts" time="0">
<skipped>
</skipped>
</testcase>
<testcase name="Authentication E2E Tests › Performance Tests › should load authenticated pages quickly" classname="auth.spec.ts" time="0">
<skipped>
</skipped>
</testcase>
<testcase name="Authentication E2E Tests › Performance Tests › should handle rapid navigation without issues" classname="auth.spec.ts" time="0">
<skipped>
</skipped>
</testcase>
<testcase name="Authentication E2E Tests › Performance Tests › should not cause memory leaks with repeated auth operations" classname="auth.spec.ts" time="0">
<skipped>
</skipped>
</testcase>
<testcase name="Authentication E2E Tests › Mobile and Responsive Tests › should work on mobile devices" classname="auth.spec.ts" time="0">
<skipped>
</skipped>
</testcase>
<testcase name="Authentication E2E Tests › Mobile and Responsive Tests › should work on tablet devices" classname="auth.spec.ts" time="0">
<skipped>
</skipped>
</testcase>
<testcase name="Authentication E2E Tests › Accessibility Tests › should be accessible with keyboard navigation" classname="auth.spec.ts" time="0">
<skipped>
</skipped>
</testcase>
<testcase name="Authentication E2E Tests › Accessibility Tests › should have proper ARIA labels and roles" classname="auth.spec.ts" time="0">
<skipped>
</skipped>
</testcase>
</testsuite>
<testsuite name="dashboard.e2e.test.ts" timestamp="2025-10-01T23:47:53.207Z" hostname="webkit" tests="14" failures="0" skipped="14" time="0" errors="0">
<testcase name="Dashboard E2E Tests › should load dashboard successfully" classname="dashboard.e2e.test.ts" time="0">
<skipped>
</skipped>
</testcase>
<testcase name="Dashboard E2E Tests › should display correct welcome message based on time" classname="dashboard.e2e.test.ts" time="0">
<skipped>
</skipped>
</testcase>
<testcase name="Dashboard E2E Tests › should display stats cards with correct data" classname="dashboard.e2e.test.ts" time="0">
<skipped>
</skipped>
</testcase>
<testcase name="Dashboard E2E Tests › should navigate between tabs correctly" classname="dashboard.e2e.test.ts" time="0">
<skipped>
</skipped>
</testcase>
<testcase name="Dashboard E2E Tests › should display upcoming tasks" classname="dashboard.e2e.test.ts" time="0">
<skipped>
</skipped>
</testcase>
<testcase name="Dashboard E2E Tests › should display recent achievements" classname="dashboard.e2e.test.ts" time="0">
<skipped>
</skipped>
</testcase>
<testcase name="Dashboard E2E Tests › should be responsive across different screen sizes" classname="dashboard.e2e.test.ts" time="0">
<skipped>
</skipped>
</testcase>
<testcase name="Dashboard E2E Tests › should handle loading states correctly" classname="dashboard.e2e.test.ts" time="0">
<skipped>
</skipped>
</testcase>
<testcase name="Dashboard E2E Tests › should maintain accessibility standards" classname="dashboard.e2e.test.ts" time="0">
<skipped>
</skipped>
</testcase>
<testcase name="Dashboard E2E Tests › should handle errors gracefully" classname="dashboard.e2e.test.ts" time="0">
<skipped>
</skipped>
</testcase>
<testcase name="Dashboard E2E Tests › should perform well under load" classname="dashboard.e2e.test.ts" time="0">
<skipped>
</skipped>
</testcase>
<testcase name="Dashboard E2E Tests › should work across different browsers" classname="dashboard.e2e.test.ts" time="0">
<skipped>
</skipped>
</testcase>
<testcase name="Dashboard Performance Tests › should meet Core Web Vitals requirements" classname="dashboard.e2e.test.ts" time="0">
<skipped>
</skipped>
</testcase>
<testcase name="Dashboard Performance Tests › should have acceptable bundle size" classname="dashboard.e2e.test.ts" time="0">
<skipped>
</skipped>
</testcase>
</testsuite>
<testsuite name="demo-account.e2e.test.ts" timestamp="2025-10-01T23:47:53.207Z" hostname="webkit" tests="17" failures="0" skipped="17" time="0" errors="0">
<testcase name="Demo Account E2E Tests › Authentication Flow › should login with demo account PIN 0000" classname="demo-account.e2e.test.ts" time="0">
<skipped>
</skipped>
</testcase>
<testcase name="Demo Account E2E Tests › Authentication Flow › should maintain authentication across page reloads" classname="demo-account.e2e.test.ts" time="0">
<skipped>
</skipped>
</testcase>
<testcase name="Demo Account E2E Tests › Authentication Flow › should persist authentication across browser sessions" classname="demo-account.e2e.test.ts" time="0">
<skipped>
</skipped>
</testcase>
<testcase name="Demo Account E2E Tests › Dashboard Functionality › should display dashboard after login" classname="demo-account.e2e.test.ts" time="0">
<skipped>
</skipped>
</testcase>
<testcase name="Demo Account E2E Tests › Dashboard Functionality › should show demo user information" classname="demo-account.e2e.test.ts" time="0">
<skipped>
</skipped>
</testcase>
<testcase name="Demo Account E2E Tests › Dashboard Functionality › should handle navigation between sections" classname="demo-account.e2e.test.ts" time="0">
<skipped>
</skipped>
</testcase>
<testcase name="Demo Account E2E Tests › Core Features › should create and display tasks" classname="demo-account.e2e.test.ts" time="0">
<skipped>
</skipped>
</testcase>
<testcase name="Demo Account E2E Tests › Core Features › should access goals section" classname="demo-account.e2e.test.ts" time="0">
<skipped>
</skipped>
</testcase>
<testcase name="Demo Account E2E Tests › Core Features › should access habits section" classname="demo-account.e2e.test.ts" time="0">
<skipped>
</skipped>
</testcase>
<testcase name="Demo Account E2E Tests › Error Handling › should reject invalid PIN" classname="demo-account.e2e.test.ts" time="0">
<skipped>
</skipped>
</testcase>
<testcase name="Demo Account E2E Tests › Error Handling › should handle network errors gracefully" classname="demo-account.e2e.test.ts" time="0">
<skipped>
</skipped>
</testcase>
<testcase name="Demo Account E2E Tests › Performance › should load dashboard within acceptable time" classname="demo-account.e2e.test.ts" time="0">
<skipped>
</skipped>
</testcase>
<testcase name="Demo Account E2E Tests › Performance › should handle multiple rapid navigations" classname="demo-account.e2e.test.ts" time="0">
<skipped>
</skipped>
</testcase>
<testcase name="Demo Account E2E Tests › Mobile Responsiveness › should work on mobile viewport" classname="demo-account.e2e.test.ts" time="0">
<skipped>
</skipped>
</testcase>
<testcase name="Demo Account E2E Tests › Mobile Responsiveness › should maintain functionality on tablet viewport" classname="demo-account.e2e.test.ts" time="0">
<skipped>
</skipped>
</testcase>
<testcase name="Demo Account E2E Tests › Accessibility › should be accessible with keyboard navigation" classname="demo-account.e2e.test.ts" time="0">
<skipped>
</skipped>
</testcase>
<testcase name="Demo Account E2E Tests › Accessibility › should have proper ARIA labels" classname="demo-account.e2e.test.ts" time="0">
<skipped>
</skipped>
</testcase>
</testsuite>
<testsuite name="auth.spec.ts" timestamp="2025-10-01T23:47:53.207Z" hostname="Mobile Chrome" tests="29" failures="0" skipped="29" time="0" errors="0">
<testcase name="Authentication E2E Tests › Public Route Access › should allow access to home page without authentication" classname="auth.spec.ts" time="0">
<skipped>
</skipped>
</testcase>
<testcase name="Authentication E2E Tests › Public Route Access › should allow access to login page without authentication" classname="auth.spec.ts" time="0">
<skipped>
</skipped>
</testcase>
<testcase name="Authentication E2E Tests › Public Route Access › should show appropriate UI for unauthenticated users" classname="auth.spec.ts" time="0">
<skipped>
</skipped>
</testcase>
<testcase name="Authentication E2E Tests › Protected Route Access › should redirect to login when accessing dashboard without auth" classname="auth.spec.ts" time="0">
<skipped>
</skipped>
</testcase>
<testcase name="Authentication E2E Tests › Protected Route Access › should redirect to login when accessing protected routes" classname="auth.spec.ts" time="0">
<skipped>
</skipped>
</testcase>
<testcase name="Authentication E2E Tests › Protected Route Access › should preserve intended destination after login" classname="auth.spec.ts" time="0">
<skipped>
</skipped>
</testcase>
<testcase name="Authentication E2E Tests › Authentication Flow › should successfully login demo user" classname="auth.spec.ts" time="0">
<skipped>
</skipped>
</testcase>
<testcase name="Authentication E2E Tests › Authentication Flow › should redirect authenticated user away from login page" classname="auth.spec.ts" time="0">
<skipped>
</skipped>
</testcase>
<testcase name="Authentication E2E Tests › Authentication Flow › should successfully logout user" classname="auth.spec.ts" time="0">
<skipped>
</skipped>
</testcase>
<testcase name="Authentication E2E Tests › Authentication Flow › should clear all user data on logout" classname="auth.spec.ts" time="0">
<skipped>
</skipped>
</testcase>
<testcase name="Authentication E2E Tests › Session Management › should maintain session across page refreshes" classname="auth.spec.ts" time="0">
<skipped>
</skipped>
</testcase>
<testcase name="Authentication E2E Tests › Session Management › should maintain session across navigation" classname="auth.spec.ts" time="0">
<skipped>
</skipped>
</testcase>
<testcase name="Authentication E2E Tests › Session Management › should handle session expiry" classname="auth.spec.ts" time="0">
<skipped>
</skipped>
</testcase>
<testcase name="Authentication E2E Tests › Session Management › should handle corrupted session data" classname="auth.spec.ts" time="0">
<skipped>
</skipped>
</testcase>
<testcase name="Authentication E2E Tests › Cross-Tab Authentication › should sync authentication across tabs" classname="auth.spec.ts" time="0">
<skipped>
</skipped>
</testcase>
<testcase name="Authentication E2E Tests › Cross-Tab Authentication › should sync logout across tabs" classname="auth.spec.ts" time="0">
<skipped>
</skipped>
</testcase>
<testcase name="Authentication E2E Tests › API Integration › should call auth API endpoints correctly" classname="auth.spec.ts" time="0">
<skipped>
</skipped>
</testcase>
<testcase name="Authentication E2E Tests › API Integration › should handle API errors gracefully" classname="auth.spec.ts" time="0">
<skipped>
</skipped>
</testcase>
<testcase name="Authentication E2E Tests › API Integration › should handle network failures" classname="auth.spec.ts" time="0">
<skipped>
</skipped>
</testcase>
<testcase name="Authentication E2E Tests › Security Tests › should prevent access to admin routes for regular users" classname="auth.spec.ts" time="0">
<skipped>
</skipped>
</testcase>
<testcase name="Authentication E2E Tests › Security Tests › should not expose sensitive auth data in client" classname="auth.spec.ts" time="0">
<skipped>
</skipped>
</testcase>
<testcase name="Authentication E2E Tests › Security Tests › should handle XSS attempts in auth data" classname="auth.spec.ts" time="0">
<skipped>
</skipped>
</testcase>
<testcase name="Authentication E2E Tests › Performance Tests › should load authenticated pages quickly" classname="auth.spec.ts" time="0">
<skipped>
</skipped>
</testcase>
<testcase name="Authentication E2E Tests › Performance Tests › should handle rapid navigation without issues" classname="auth.spec.ts" time="0">
<skipped>
</skipped>
</testcase>
<testcase name="Authentication E2E Tests › Performance Tests › should not cause memory leaks with repeated auth operations" classname="auth.spec.ts" time="0">
<skipped>
</skipped>
</testcase>
<testcase name="Authentication E2E Tests › Mobile and Responsive Tests › should work on mobile devices" classname="auth.spec.ts" time="0">
<skipped>
</skipped>
</testcase>
<testcase name="Authentication E2E Tests › Mobile and Responsive Tests › should work on tablet devices" classname="auth.spec.ts" time="0">
<skipped>
</skipped>
</testcase>
<testcase name="Authentication E2E Tests › Accessibility Tests › should be accessible with keyboard navigation" classname="auth.spec.ts" time="0">
<skipped>
</skipped>
</testcase>
<testcase name="Authentication E2E Tests › Accessibility Tests › should have proper ARIA labels and roles" classname="auth.spec.ts" time="0">
<skipped>
</skipped>
</testcase>
</testsuite>
<testsuite name="dashboard.e2e.test.ts" timestamp="2025-10-01T23:47:53.207Z" hostname="Mobile Chrome" tests="14" failures="0" skipped="14" time="0" errors="0">
<testcase name="Dashboard E2E Tests › should load dashboard successfully" classname="dashboard.e2e.test.ts" time="0">
<skipped>
</skipped>
</testcase>
<testcase name="Dashboard E2E Tests › should display correct welcome message based on time" classname="dashboard.e2e.test.ts" time="0">
<skipped>
</skipped>
</testcase>
<testcase name="Dashboard E2E Tests › should display stats cards with correct data" classname="dashboard.e2e.test.ts" time="0">
<skipped>
</skipped>
</testcase>
<testcase name="Dashboard E2E Tests › should navigate between tabs correctly" classname="dashboard.e2e.test.ts" time="0">
<skipped>
</skipped>
</testcase>
<testcase name="Dashboard E2E Tests › should display upcoming tasks" classname="dashboard.e2e.test.ts" time="0">
<skipped>
</skipped>
</testcase>
<testcase name="Dashboard E2E Tests › should display recent achievements" classname="dashboard.e2e.test.ts" time="0">
<skipped>
</skipped>
</testcase>
<testcase name="Dashboard E2E Tests › should be responsive across different screen sizes" classname="dashboard.e2e.test.ts" time="0">
<skipped>
</skipped>
</testcase>
<testcase name="Dashboard E2E Tests › should handle loading states correctly" classname="dashboard.e2e.test.ts" time="0">
<skipped>
</skipped>
</testcase>
<testcase name="Dashboard E2E Tests › should maintain accessibility standards" classname="dashboard.e2e.test.ts" time="0">
<skipped>
</skipped>
</testcase>
<testcase name="Dashboard E2E Tests › should handle errors gracefully" classname="dashboard.e2e.test.ts" time="0">
<skipped>
</skipped>
</testcase>
<testcase name="Dashboard E2E Tests › should perform well under load" classname="dashboard.e2e.test.ts" time="0">
<skipped>
</skipped>
</testcase>
<testcase name="Dashboard E2E Tests › should work across different browsers" classname="dashboard.e2e.test.ts" time="0">
<skipped>
</skipped>
</testcase>
<testcase name="Dashboard Performance Tests › should meet Core Web Vitals requirements" classname="dashboard.e2e.test.ts" time="0">
<skipped>
</skipped>
</testcase>
<testcase name="Dashboard Performance Tests › should have acceptable bundle size" classname="dashboard.e2e.test.ts" time="0">
<skipped>
</skipped>
</testcase>
</testsuite>
<testsuite name="demo-account.e2e.test.ts" timestamp="2025-10-01T23:47:53.207Z" hostname="Mobile Chrome" tests="17" failures="0" skipped="17" time="0" errors="0">
<testcase name="Demo Account E2E Tests › Authentication Flow › should login with demo account PIN 0000" classname="demo-account.e2e.test.ts" time="0">
<skipped>
</skipped>
</testcase>
<testcase name="Demo Account E2E Tests › Authentication Flow › should maintain authentication across page reloads" classname="demo-account.e2e.test.ts" time="0">
<skipped>
</skipped>
</testcase>
<testcase name="Demo Account E2E Tests › Authentication Flow › should persist authentication across browser sessions" classname="demo-account.e2e.test.ts" time="0">
<skipped>
</skipped>
</testcase>
<testcase name="Demo Account E2E Tests › Dashboard Functionality › should display dashboard after login" classname="demo-account.e2e.test.ts" time="0">
<skipped>
</skipped>
</testcase>
<testcase name="Demo Account E2E Tests › Dashboard Functionality › should show demo user information" classname="demo-account.e2e.test.ts" time="0">
<skipped>
</skipped>
</testcase>
<testcase name="Demo Account E2E Tests › Dashboard Functionality › should handle navigation between sections" classname="demo-account.e2e.test.ts" time="0">
<skipped>
</skipped>
</testcase>
<testcase name="Demo Account E2E Tests › Core Features › should create and display tasks" classname="demo-account.e2e.test.ts" time="0">
<skipped>
</skipped>
</testcase>
<testcase name="Demo Account E2E Tests › Core Features › should access goals section" classname="demo-account.e2e.test.ts" time="0">
<skipped>
</skipped>
</testcase>
<testcase name="Demo Account E2E Tests › Core Features › should access habits section" classname="demo-account.e2e.test.ts" time="0">
<skipped>
</skipped>
</testcase>
<testcase name="Demo Account E2E Tests › Error Handling › should reject invalid PIN" classname="demo-account.e2e.test.ts" time="0">
<skipped>
</skipped>
</testcase>
<testcase name="Demo Account E2E Tests › Error Handling › should handle network errors gracefully" classname="demo-account.e2e.test.ts" time="0">
<skipped>
</skipped>
</testcase>
<testcase name="Demo Account E2E Tests › Performance › should load dashboard within acceptable time" classname="demo-account.e2e.test.ts" time="0">
<skipped>
</skipped>
</testcase>
<testcase name="Demo Account E2E Tests › Performance › should handle multiple rapid navigations" classname="demo-account.e2e.test.ts" time="0">
<skipped>
</skipped>
</testcase>
<testcase name="Demo Account E2E Tests › Mobile Responsiveness › should work on mobile viewport" classname="demo-account.e2e.test.ts" time="0">
<skipped>
</skipped>
</testcase>
<testcase name="Demo Account E2E Tests › Mobile Responsiveness › should maintain functionality on tablet viewport" classname="demo-account.e2e.test.ts" time="0">
<skipped>
</skipped>
</testcase>
<testcase name="Demo Account E2E Tests › Accessibility › should be accessible with keyboard navigation" classname="demo-account.e2e.test.ts" time="0">
<skipped>
</skipped>
</testcase>
<testcase name="Demo Account E2E Tests › Accessibility › should have proper ARIA labels" classname="demo-account.e2e.test.ts" time="0">
<skipped>
</skipped>
</testcase>
</testsuite>
<testsuite name="auth.spec.ts" timestamp="2025-10-01T23:47:53.207Z" hostname="Mobile Safari" tests="29" failures="0" skipped="29" time="0" errors="0">
<testcase name="Authentication E2E Tests › Public Route Access › should allow access to home page without authentication" classname="auth.spec.ts" time="0">
<skipped>
</skipped>
</testcase>
<testcase name="Authentication E2E Tests › Public Route Access › should allow access to login page without authentication" classname="auth.spec.ts" time="0">
<skipped>
</skipped>
</testcase>
<testcase name="Authentication E2E Tests › Public Route Access › should show appropriate UI for unauthenticated users" classname="auth.spec.ts" time="0">
<skipped>
</skipped>
</testcase>
<testcase name="Authentication E2E Tests › Protected Route Access › should redirect to login when accessing dashboard without auth" classname="auth.spec.ts" time="0">
<skipped>
</skipped>
</testcase>
<testcase name="Authentication E2E Tests › Protected Route Access › should redirect to login when accessing protected routes" classname="auth.spec.ts" time="0">
<skipped>
</skipped>
</testcase>
<testcase name="Authentication E2E Tests › Protected Route Access › should preserve intended destination after login" classname="auth.spec.ts" time="0">
<skipped>
</skipped>
</testcase>
<testcase name="Authentication E2E Tests › Authentication Flow › should successfully login demo user" classname="auth.spec.ts" time="0">
<skipped>
</skipped>
</testcase>
<testcase name="Authentication E2E Tests › Authentication Flow › should redirect authenticated user away from login page" classname="auth.spec.ts" time="0">
<skipped>
</skipped>
</testcase>
<testcase name="Authentication E2E Tests › Authentication Flow › should successfully logout user" classname="auth.spec.ts" time="0">
<skipped>
</skipped>
</testcase>
<testcase name="Authentication E2E Tests › Authentication Flow › should clear all user data on logout" classname="auth.spec.ts" time="0">
<skipped>
</skipped>
</testcase>
<testcase name="Authentication E2E Tests › Session Management › should maintain session across page refreshes" classname="auth.spec.ts" time="0">
<skipped>
</skipped>
</testcase>
<testcase name="Authentication E2E Tests › Session Management › should maintain session across navigation" classname="auth.spec.ts" time="0">
<skipped>
</skipped>
</testcase>
<testcase name="Authentication E2E Tests › Session Management › should handle session expiry" classname="auth.spec.ts" time="0">
<skipped>
</skipped>
</testcase>
<testcase name="Authentication E2E Tests › Session Management › should handle corrupted session data" classname="auth.spec.ts" time="0">
<skipped>
</skipped>
</testcase>
<testcase name="Authentication E2E Tests › Cross-Tab Authentication › should sync authentication across tabs" classname="auth.spec.ts" time="0">
<skipped>
</skipped>
</testcase>
<testcase name="Authentication E2E Tests › Cross-Tab Authentication › should sync logout across tabs" classname="auth.spec.ts" time="0">
<skipped>
</skipped>
</testcase>
<testcase name="Authentication E2E Tests › API Integration › should call auth API endpoints correctly" classname="auth.spec.ts" time="0">
<skipped>
</skipped>
</testcase>
<testcase name="Authentication E2E Tests › API Integration › should handle API errors gracefully" classname="auth.spec.ts" time="0">
<skipped>
</skipped>
</testcase>
<testcase name="Authentication E2E Tests › API Integration › should handle network failures" classname="auth.spec.ts" time="0">
<skipped>
</skipped>
</testcase>
<testcase name="Authentication E2E Tests › Security Tests › should prevent access to admin routes for regular users" classname="auth.spec.ts" time="0">
<skipped>
</skipped>
</testcase>
<testcase name="Authentication E2E Tests › Security Tests › should not expose sensitive auth data in client" classname="auth.spec.ts" time="0">
<skipped>
</skipped>
</testcase>
<testcase name="Authentication E2E Tests › Security Tests › should handle XSS attempts in auth data" classname="auth.spec.ts" time="0">
<skipped>
</skipped>
</testcase>
<testcase name="Authentication E2E Tests › Performance Tests › should load authenticated pages quickly" classname="auth.spec.ts" time="0">
<skipped>
</skipped>
</testcase>
<testcase name="Authentication E2E Tests › Performance Tests › should handle rapid navigation without issues" classname="auth.spec.ts" time="0">
<skipped>
</skipped>
</testcase>
<testcase name="Authentication E2E Tests › Performance Tests › should not cause memory leaks with repeated auth operations" classname="auth.spec.ts" time="0">
<skipped>
</skipped>
</testcase>
<testcase name="Authentication E2E Tests › Mobile and Responsive Tests › should work on mobile devices" classname="auth.spec.ts" time="0">
<skipped>
</skipped>
</testcase>
<testcase name="Authentication E2E Tests › Mobile and Responsive Tests › should work on tablet devices" classname="auth.spec.ts" time="0">
<skipped>
</skipped>
</testcase>
<testcase name="Authentication E2E Tests › Accessibility Tests › should be accessible with keyboard navigation" classname="auth.spec.ts" time="0">
<skipped>
</skipped>
</testcase>
<testcase name="Authentication E2E Tests › Accessibility Tests › should have proper ARIA labels and roles" classname="auth.spec.ts" time="0">
<skipped>
</skipped>
</testcase>
</testsuite>
<testsuite name="dashboard.e2e.test.ts" timestamp="2025-10-01T23:47:53.207Z" hostname="Mobile Safari" tests="14" failures="0" skipped="14" time="0" errors="0">
<testcase name="Dashboard E2E Tests › should load dashboard successfully" classname="dashboard.e2e.test.ts" time="0">
<skipped>
</skipped>
</testcase>
<testcase name="Dashboard E2E Tests › should display correct welcome message based on time" classname="dashboard.e2e.test.ts" time="0">
<skipped>
</skipped>
</testcase>
<testcase name="Dashboard E2E Tests › should display stats cards with correct data" classname="dashboard.e2e.test.ts" time="0">
<skipped>
</skipped>
</testcase>
<testcase name="Dashboard E2E Tests › should navigate between tabs correctly" classname="dashboard.e2e.test.ts" time="0">
<skipped>
</skipped>
</testcase>
<testcase name="Dashboard E2E Tests › should display upcoming tasks" classname="dashboard.e2e.test.ts" time="0">
<skipped>
</skipped>
</testcase>
<testcase name="Dashboard E2E Tests › should display recent achievements" classname="dashboard.e2e.test.ts" time="0">
<skipped>
</skipped>
</testcase>
<testcase name="Dashboard E2E Tests › should be responsive across different screen sizes" classname="dashboard.e2e.test.ts" time="0">
<skipped>
</skipped>
</testcase>
<testcase name="Dashboard E2E Tests › should handle loading states correctly" classname="dashboard.e2e.test.ts" time="0">
<skipped>
</skipped>
</testcase>
<testcase name="Dashboard E2E Tests › should maintain accessibility standards" classname="dashboard.e2e.test.ts" time="0">
<skipped>
</skipped>
</testcase>
<testcase name="Dashboard E2E Tests › should handle errors gracefully" classname="dashboard.e2e.test.ts" time="0">
<skipped>
</skipped>
</testcase>
<testcase name="Dashboard E2E Tests › should perform well under load" classname="dashboard.e2e.test.ts" time="0">
<skipped>
</skipped>
</testcase>
<testcase name="Dashboard E2E Tests › should work across different browsers" classname="dashboard.e2e.test.ts" time="0">
<skipped>
</skipped>
</testcase>
<testcase name="Dashboard Performance Tests › should meet Core Web Vitals requirements" classname="dashboard.e2e.test.ts" time="0">
<skipped>
</skipped>
</testcase>
<testcase name="Dashboard Performance Tests › should have acceptable bundle size" classname="dashboard.e2e.test.ts" time="0">
<skipped>
</skipped>
</testcase>
</testsuite>
<testsuite name="demo-account.e2e.test.ts" timestamp="2025-10-01T23:47:53.207Z" hostname="Mobile Safari" tests="17" failures="0" skipped="17" time="0" errors="0">
<testcase name="Demo Account E2E Tests › Authentication Flow › should login with demo account PIN 0000" classname="demo-account.e2e.test.ts" time="0">
<skipped>
</skipped>
</testcase>
<testcase name="Demo Account E2E Tests › Authentication Flow › should maintain authentication across page reloads" classname="demo-account.e2e.test.ts" time="0">
<skipped>
</skipped>
</testcase>
<testcase name="Demo Account E2E Tests › Authentication Flow › should persist authentication across browser sessions" classname="demo-account.e2e.test.ts" time="0">
<skipped>
</skipped>
</testcase>
<testcase name="Demo Account E2E Tests › Dashboard Functionality › should display dashboard after login" classname="demo-account.e2e.test.ts" time="0">
<skipped>
</skipped>
</testcase>
<testcase name="Demo Account E2E Tests › Dashboard Functionality › should show demo user information" classname="demo-account.e2e.test.ts" time="0">
<skipped>
</skipped>
</testcase>
<testcase name="Demo Account E2E Tests › Dashboard Functionality › should handle navigation between sections" classname="demo-account.e2e.test.ts" time="0">
<skipped>
</skipped>
</testcase>
<testcase name="Demo Account E2E Tests › Core Features › should create and display tasks" classname="demo-account.e2e.test.ts" time="0">
<skipped>
</skipped>
</testcase>
<testcase name="Demo Account E2E Tests › Core Features › should access goals section" classname="demo-account.e2e.test.ts" time="0">
<skipped>
</skipped>
</testcase>
<testcase name="Demo Account E2E Tests › Core Features › should access habits section" classname="demo-account.e2e.test.ts" time="0">
<skipped>
</skipped>
</testcase>
<testcase name="Demo Account E2E Tests › Error Handling › should reject invalid PIN" classname="demo-account.e2e.test.ts" time="0">
<skipped>
</skipped>
</testcase>
<testcase name="Demo Account E2E Tests › Error Handling › should handle network errors gracefully" classname="demo-account.e2e.test.ts" time="0">
<skipped>
</skipped>
</testcase>
<testcase name="Demo Account E2E Tests › Performance › should load dashboard within acceptable time" classname="demo-account.e2e.test.ts" time="0">
<skipped>
</skipped>
</testcase>
<testcase name="Demo Account E2E Tests › Performance › should handle multiple rapid navigations" classname="demo-account.e2e.test.ts" time="0">
<skipped>
</skipped>
</testcase>
<testcase name="Demo Account E2E Tests › Mobile Responsiveness › should work on mobile viewport" classname="demo-account.e2e.test.ts" time="0">
<skipped>
</skipped>
</testcase>
<testcase name="Demo Account E2E Tests › Mobile Responsiveness › should maintain functionality on tablet viewport" classname="demo-account.e2e.test.ts" time="0">
<skipped>
</skipped>
</testcase>
<testcase name="Demo Account E2E Tests › Accessibility › should be accessible with keyboard navigation" classname="demo-account.e2e.test.ts" time="0">
<skipped>
</skipped>
</testcase>
<testcase name="Demo Account E2E Tests › Accessibility › should have proper ARIA labels" classname="demo-account.e2e.test.ts" time="0">
<skipped>
</skipped>
</testcase>
</testsuite>
<testsuite name="auth.spec.ts" timestamp="2025-10-01T23:47:53.207Z" hostname="Microsoft Edge" tests="29" failures="0" skipped="29" time="0" errors="0">
<testcase name="Authentication E2E Tests › Public Route Access › should allow access to home page without authentication" classname="auth.spec.ts" time="0">
<skipped>
</skipped>
</testcase>
<testcase name="Authentication E2E Tests › Public Route Access › should allow access to login page without authentication" classname="auth.spec.ts" time="0">
<skipped>
</skipped>
</testcase>
<testcase name="Authentication E2E Tests › Public Route Access › should show appropriate UI for unauthenticated users" classname="auth.spec.ts" time="0">
<skipped>
</skipped>
</testcase>
<testcase name="Authentication E2E Tests › Protected Route Access › should redirect to login when accessing dashboard without auth" classname="auth.spec.ts" time="0">
<skipped>
</skipped>
</testcase>
<testcase name="Authentication E2E Tests › Protected Route Access › should redirect to login when accessing protected routes" classname="auth.spec.ts" time="0">
<skipped>
</skipped>
</testcase>
<testcase name="Authentication E2E Tests › Protected Route Access › should preserve intended destination after login" classname="auth.spec.ts" time="0">
<skipped>
</skipped>
</testcase>
<testcase name="Authentication E2E Tests › Authentication Flow › should successfully login demo user" classname="auth.spec.ts" time="0">
<skipped>
</skipped>
</testcase>
<testcase name="Authentication E2E Tests › Authentication Flow › should redirect authenticated user away from login page" classname="auth.spec.ts" time="0">
<skipped>
</skipped>
</testcase>
<testcase name="Authentication E2E Tests › Authentication Flow › should successfully logout user" classname="auth.spec.ts" time="0">
<skipped>
</skipped>
</testcase>
<testcase name="Authentication E2E Tests › Authentication Flow › should clear all user data on logout" classname="auth.spec.ts" time="0">
<skipped>
</skipped>
</testcase>
<testcase name="Authentication E2E Tests › Session Management › should maintain session across page refreshes" classname="auth.spec.ts" time="0">
<skipped>
</skipped>
</testcase>
<testcase name="Authentication E2E Tests › Session Management › should maintain session across navigation" classname="auth.spec.ts" time="0">
<skipped>
</skipped>
</testcase>
<testcase name="Authentication E2E Tests › Session Management › should handle session expiry" classname="auth.spec.ts" time="0">
<skipped>
</skipped>
</testcase>
<testcase name="Authentication E2E Tests › Session Management › should handle corrupted session data" classname="auth.spec.ts" time="0">
<skipped>
</skipped>
</testcase>
<testcase name="Authentication E2E Tests › Cross-Tab Authentication › should sync authentication across tabs" classname="auth.spec.ts" time="0">
<skipped>
</skipped>
</testcase>
<testcase name="Authentication E2E Tests › Cross-Tab Authentication › should sync logout across tabs" classname="auth.spec.ts" time="0">
<skipped>
</skipped>
</testcase>
<testcase name="Authentication E2E Tests › API Integration › should call auth API endpoints correctly" classname="auth.spec.ts" time="0">
<skipped>
</skipped>
</testcase>
<testcase name="Authentication E2E Tests › API Integration › should handle API errors gracefully" classname="auth.spec.ts" time="0">
<skipped>
</skipped>
</testcase>
<testcase name="Authentication E2E Tests › API Integration › should handle network failures" classname="auth.spec.ts" time="0">
<skipped>
</skipped>
</testcase>
<testcase name="Authentication E2E Tests › Security Tests › should prevent access to admin routes for regular users" classname="auth.spec.ts" time="0">
<skipped>
</skipped>
</testcase>
<testcase name="Authentication E2E Tests › Security Tests › should not expose sensitive auth data in client" classname="auth.spec.ts" time="0">
<skipped>
</skipped>
</testcase>
<testcase name="Authentication E2E Tests › Security Tests › should handle XSS attempts in auth data" classname="auth.spec.ts" time="0">
<skipped>
</skipped>
</testcase>
<testcase name="Authentication E2E Tests › Performance Tests › should load authenticated pages quickly" classname="auth.spec.ts" time="0">
<skipped>
</skipped>
</testcase>
<testcase name="Authentication E2E Tests › Performance Tests › should handle rapid navigation without issues" classname="auth.spec.ts" time="0">
<skipped>
</skipped>
</testcase>
<testcase name="Authentication E2E Tests › Performance Tests › should not cause memory leaks with repeated auth operations" classname="auth.spec.ts" time="0">
<skipped>
</skipped>
</testcase>
<testcase name="Authentication E2E Tests › Mobile and Responsive Tests › should work on mobile devices" classname="auth.spec.ts" time="0">
<skipped>
</skipped>
</testcase>
<testcase name="Authentication E2E Tests › Mobile and Responsive Tests › should work on tablet devices" classname="auth.spec.ts" time="0">
<skipped>
</skipped>
</testcase>
<testcase name="Authentication E2E Tests › Accessibility Tests › should be accessible with keyboard navigation" classname="auth.spec.ts" time="0">
<skipped>
</skipped>
</testcase>
<testcase name="Authentication E2E Tests › Accessibility Tests › should have proper ARIA labels and roles" classname="auth.spec.ts" time="0">
<skipped>
</skipped>
</testcase>
</testsuite>
<testsuite name="dashboard.e2e.test.ts" timestamp="2025-10-01T23:47:53.207Z" hostname="Microsoft Edge" tests="14" failures="0" skipped="14" time="0" errors="0">
<testcase name="Dashboard E2E Tests › should load dashboard successfully" classname="dashboard.e2e.test.ts" time="0">
<skipped>
</skipped>
</testcase>
<testcase name="Dashboard E2E Tests › should display correct welcome message based on time" classname="dashboard.e2e.test.ts" time="0">
<skipped>
</skipped>
</testcase>
<testcase name="Dashboard E2E Tests › should display stats cards with correct data" classname="dashboard.e2e.test.ts" time="0">
<skipped>
</skipped>
</testcase>
<testcase name="Dashboard E2E Tests › should navigate between tabs correctly" classname="dashboard.e2e.test.ts" time="0">
<skipped>
</skipped>
</testcase>
<testcase name="Dashboard E2E Tests › should display upcoming tasks" classname="dashboard.e2e.test.ts" time="0">
<skipped>
</skipped>
</testcase>
<testcase name="Dashboard E2E Tests › should display recent achievements" classname="dashboard.e2e.test.ts" time="0">
<skipped>
</skipped>
</testcase>
<testcase name="Dashboard E2E Tests › should be responsive across different screen sizes" classname="dashboard.e2e.test.ts" time="0">
<skipped>
</skipped>
</testcase>
<testcase name="Dashboard E2E Tests › should handle loading states correctly" classname="dashboard.e2e.test.ts" time="0">
<skipped>
</skipped>
</testcase>
<testcase name="Dashboard E2E Tests › should maintain accessibility standards" classname="dashboard.e2e.test.ts" time="0">
<skipped>
</skipped>
</testcase>
<testcase name="Dashboard E2E Tests › should handle errors gracefully" classname="dashboard.e2e.test.ts" time="0">
<skipped>
</skipped>
</testcase>
<testcase name="Dashboard E2E Tests › should perform well under load" classname="dashboard.e2e.test.ts" time="0">
<skipped>
</skipped>
</testcase>
<testcase name="Dashboard E2E Tests › should work across different browsers" classname="dashboard.e2e.test.ts" time="0">
<skipped>
</skipped>
</testcase>
<testcase name="Dashboard Performance Tests › should meet Core Web Vitals requirements" classname="dashboard.e2e.test.ts" time="0">
<skipped>
</skipped>
</testcase>
<testcase name="Dashboard Performance Tests › should have acceptable bundle size" classname="dashboard.e2e.test.ts" time="0">
<skipped>
</skipped>
</testcase>
</testsuite>
<testsuite name="demo-account.e2e.test.ts" timestamp="2025-10-01T23:47:53.207Z" hostname="Microsoft Edge" tests="17" failures="0" skipped="17" time="0" errors="0">
<testcase name="Demo Account E2E Tests › Authentication Flow › should login with demo account PIN 0000" classname="demo-account.e2e.test.ts" time="0">
<skipped>
</skipped>
</testcase>
<testcase name="Demo Account E2E Tests › Authentication Flow › should maintain authentication across page reloads" classname="demo-account.e2e.test.ts" time="0">
<skipped>
</skipped>
</testcase>
<testcase name="Demo Account E2E Tests › Authentication Flow › should persist authentication across browser sessions" classname="demo-account.e2e.test.ts" time="0">
<skipped>
</skipped>
</testcase>
<testcase name="Demo Account E2E Tests › Dashboard Functionality › should display dashboard after login" classname="demo-account.e2e.test.ts" time="0">
<skipped>
</skipped>
</testcase>
<testcase name="Demo Account E2E Tests › Dashboard Functionality › should show demo user information" classname="demo-account.e2e.test.ts" time="0">
<skipped>
</skipped>
</testcase>
<testcase name="Demo Account E2E Tests › Dashboard Functionality › should handle navigation between sections" classname="demo-account.e2e.test.ts" time="0">
<skipped>
</skipped>
</testcase>
<testcase name="Demo Account E2E Tests › Core Features › should create and display tasks" classname="demo-account.e2e.test.ts" time="0">
<skipped>
</skipped>
</testcase>
<testcase name="Demo Account E2E Tests › Core Features › should access goals section" classname="demo-account.e2e.test.ts" time="0">
<skipped>
</skipped>
</testcase>
<testcase name="Demo Account E2E Tests › Core Features › should access habits section" classname="demo-account.e2e.test.ts" time="0">
<skipped>
</skipped>
</testcase>
<testcase name="Demo Account E2E Tests › Error Handling › should reject invalid PIN" classname="demo-account.e2e.test.ts" time="0">
<skipped>
</skipped>
</testcase>
<testcase name="Demo Account E2E Tests › Error Handling › should handle network errors gracefully" classname="demo-account.e2e.test.ts" time="0">
<skipped>
</skipped>
</testcase>
<testcase name="Demo Account E2E Tests › Performance › should load dashboard within acceptable time" classname="demo-account.e2e.test.ts" time="0">
<skipped>
</skipped>
</testcase>
<testcase name="Demo Account E2E Tests › Performance › should handle multiple rapid navigations" classname="demo-account.e2e.test.ts" time="0">
<skipped>
</skipped>
</testcase>
<testcase name="Demo Account E2E Tests › Mobile Responsiveness › should work on mobile viewport" classname="demo-account.e2e.test.ts" time="0">
<skipped>
</skipped>
</testcase>
<testcase name="Demo Account E2E Tests › Mobile Responsiveness › should maintain functionality on tablet viewport" classname="demo-account.e2e.test.ts" time="0">
<skipped>
</skipped>
</testcase>
<testcase name="Demo Account E2E Tests › Accessibility › should be accessible with keyboard navigation" classname="demo-account.e2e.test.ts" time="0">
<skipped>
</skipped>
</testcase>
<testcase name="Demo Account E2E Tests › Accessibility › should have proper ARIA labels" classname="demo-account.e2e.test.ts" time="0">
<skipped>
</skipped>
</testcase>
</testsuite>
<testsuite name="auth.spec.ts" timestamp="2025-10-01T23:47:53.207Z" hostname="Google Chrome" tests="29" failures="0" skipped="29" time="0" errors="0">
<testcase name="Authentication E2E Tests › Public Route Access › should allow access to home page without authentication" classname="auth.spec.ts" time="0">
<skipped>
</skipped>
</testcase>
<testcase name="Authentication E2E Tests › Public Route Access › should allow access to login page without authentication" classname="auth.spec.ts" time="0">
<skipped>
</skipped>
</testcase>
<testcase name="Authentication E2E Tests › Public Route Access › should show appropriate UI for unauthenticated users" classname="auth.spec.ts" time="0">
<skipped>
</skipped>
</testcase>
<testcase name="Authentication E2E Tests › Protected Route Access › should redirect to login when accessing dashboard without auth" classname="auth.spec.ts" time="0">
<skipped>
</skipped>
</testcase>
<testcase name="Authentication E2E Tests › Protected Route Access › should redirect to login when accessing protected routes" classname="auth.spec.ts" time="0">
<skipped>
</skipped>
</testcase>
<testcase name="Authentication E2E Tests › Protected Route Access › should preserve intended destination after login" classname="auth.spec.ts" time="0">
<skipped>
</skipped>
</testcase>
<testcase name="Authentication E2E Tests › Authentication Flow › should successfully login demo user" classname="auth.spec.ts" time="0">
<skipped>
</skipped>
</testcase>
<testcase name="Authentication E2E Tests › Authentication Flow › should redirect authenticated user away from login page" classname="auth.spec.ts" time="0">
<skipped>
</skipped>
</testcase>
<testcase name="Authentication E2E Tests › Authentication Flow › should successfully logout user" classname="auth.spec.ts" time="0">
<skipped>
</skipped>
</testcase>
<testcase name="Authentication E2E Tests › Authentication Flow › should clear all user data on logout" classname="auth.spec.ts" time="0">
<skipped>
</skipped>
</testcase>
<testcase name="Authentication E2E Tests › Session Management › should maintain session across page refreshes" classname="auth.spec.ts" time="0">
<skipped>
</skipped>
</testcase>
<testcase name="Authentication E2E Tests › Session Management › should maintain session across navigation" classname="auth.spec.ts" time="0">
<skipped>
</skipped>
</testcase>
<testcase name="Authentication E2E Tests › Session Management › should handle session expiry" classname="auth.spec.ts" time="0">
<skipped>
</skipped>
</testcase>
<testcase name="Authentication E2E Tests › Session Management › should handle corrupted session data" classname="auth.spec.ts" time="0">
<skipped>
</skipped>
</testcase>
<testcase name="Authentication E2E Tests › Cross-Tab Authentication › should sync authentication across tabs" classname="auth.spec.ts" time="0">
<skipped>
</skipped>
</testcase>
<testcase name="Authentication E2E Tests › Cross-Tab Authentication › should sync logout across tabs" classname="auth.spec.ts" time="0">
<skipped>
</skipped>
</testcase>
<testcase name="Authentication E2E Tests › API Integration › should call auth API endpoints correctly" classname="auth.spec.ts" time="0">
<skipped>
</skipped>
</testcase>
<testcase name="Authentication E2E Tests › API Integration › should handle API errors gracefully" classname="auth.spec.ts" time="0">
<skipped>
</skipped>
</testcase>
<testcase name="Authentication E2E Tests › API Integration › should handle network failures" classname="auth.spec.ts" time="0">
<skipped>
</skipped>
</testcase>
<testcase name="Authentication E2E Tests › Security Tests › should prevent access to admin routes for regular users" classname="auth.spec.ts" time="0">
<skipped>
</skipped>
</testcase>
<testcase name="Authentication E2E Tests › Security Tests › should not expose sensitive auth data in client" classname="auth.spec.ts" time="0">
<skipped>
</skipped>
</testcase>
<testcase name="Authentication E2E Tests › Security Tests › should handle XSS attempts in auth data" classname="auth.spec.ts" time="0">
<skipped>
</skipped>
</testcase>
<testcase name="Authentication E2E Tests › Performance Tests › should load authenticated pages quickly" classname="auth.spec.ts" time="0">
<skipped>
</skipped>
</testcase>
<testcase name="Authentication E2E Tests › Performance Tests › should handle rapid navigation without issues" classname="auth.spec.ts" time="0">
<skipped>
</skipped>
</testcase>
<testcase name="Authentication E2E Tests › Performance Tests › should not cause memory leaks with repeated auth operations" classname="auth.spec.ts" time="0">
<skipped>
</skipped>
</testcase>
<testcase name="Authentication E2E Tests › Mobile and Responsive Tests › should work on mobile devices" classname="auth.spec.ts" time="0">
<skipped>
</skipped>
</testcase>
<testcase name="Authentication E2E Tests › Mobile and Responsive Tests › should work on tablet devices" classname="auth.spec.ts" time="0">
<skipped>
</skipped>
</testcase>
<testcase name="Authentication E2E Tests › Accessibility Tests › should be accessible with keyboard navigation" classname="auth.spec.ts" time="0">
<skipped>
</skipped>
</testcase>
<testcase name="Authentication E2E Tests › Accessibility Tests › should have proper ARIA labels and roles" classname="auth.spec.ts" time="0">
<skipped>
</skipped>
</testcase>
</testsuite>
<testsuite name="dashboard.e2e.test.ts" timestamp="2025-10-01T23:47:53.207Z" hostname="Google Chrome" tests="14" failures="0" skipped="14" time="0" errors="0">
<testcase name="Dashboard E2E Tests › should load dashboard successfully" classname="dashboard.e2e.test.ts" time="0">
<skipped>
</skipped>
</testcase>
<testcase name="Dashboard E2E Tests › should display correct welcome message based on time" classname="dashboard.e2e.test.ts" time="0">
<skipped>
</skipped>
</testcase>
<testcase name="Dashboard E2E Tests › should display stats cards with correct data" classname="dashboard.e2e.test.ts" time="0">
<skipped>
</skipped>
</testcase>
<testcase name="Dashboard E2E Tests › should navigate between tabs correctly" classname="dashboard.e2e.test.ts" time="0">
<skipped>
</skipped>
</testcase>
<testcase name="Dashboard E2E Tests › should display upcoming tasks" classname="dashboard.e2e.test.ts" time="0">
<skipped>
</skipped>
</testcase>
<testcase name="Dashboard E2E Tests › should display recent achievements" classname="dashboard.e2e.test.ts" time="0">
<skipped>
</skipped>
</testcase>
<testcase name="Dashboard E2E Tests › should be responsive across different screen sizes" classname="dashboard.e2e.test.ts" time="0">
<skipped>
</skipped>
</testcase>
<testcase name="Dashboard E2E Tests › should handle loading states correctly" classname="dashboard.e2e.test.ts" time="0">
<skipped>
</skipped>
</testcase>
<testcase name="Dashboard E2E Tests › should maintain accessibility standards" classname="dashboard.e2e.test.ts" time="0">
<skipped>
</skipped>
</testcase>
<testcase name="Dashboard E2E Tests › should handle errors gracefully" classname="dashboard.e2e.test.ts" time="0">
<skipped>
</skipped>
</testcase>
<testcase name="Dashboard E2E Tests › should perform well under load" classname="dashboard.e2e.test.ts" time="0">
<skipped>
</skipped>
</testcase>
<testcase name="Dashboard E2E Tests › should work across different browsers" classname="dashboard.e2e.test.ts" time="0">
<skipped>
</skipped>
</testcase>
<testcase name="Dashboard Performance Tests › should meet Core Web Vitals requirements" classname="dashboard.e2e.test.ts" time="0">
<skipped>
</skipped>
</testcase>
<testcase name="Dashboard Performance Tests › should have acceptable bundle size" classname="dashboard.e2e.test.ts" time="0">
<skipped>
</skipped>
</testcase>
</testsuite>
<testsuite name="demo-account.e2e.test.ts" timestamp="2025-10-01T23:47:53.207Z" hostname="Google Chrome" tests="17" failures="0" skipped="17" time="0" errors="0">
<testcase name="Demo Account E2E Tests › Authentication Flow › should login with demo account PIN 0000" classname="demo-account.e2e.test.ts" time="0">
<skipped>
</skipped>
</testcase>
<testcase name="Demo Account E2E Tests › Authentication Flow › should maintain authentication across page reloads" classname="demo-account.e2e.test.ts" time="0">
<skipped>
</skipped>
</testcase>
<testcase name="Demo Account E2E Tests › Authentication Flow › should persist authentication across browser sessions" classname="demo-account.e2e.test.ts" time="0">
<skipped>
</skipped>
</testcase>
<testcase name="Demo Account E2E Tests › Dashboard Functionality › should display dashboard after login" classname="demo-account.e2e.test.ts" time="0">
<skipped>
</skipped>
</testcase>
<testcase name="Demo Account E2E Tests › Dashboard Functionality › should show demo user information" classname="demo-account.e2e.test.ts" time="0">
<skipped>
</skipped>
</testcase>
<testcase name="Demo Account E2E Tests › Dashboard Functionality › should handle navigation between sections" classname="demo-account.e2e.test.ts" time="0">
<skipped>
</skipped>
</testcase>
<testcase name="Demo Account E2E Tests › Core Features › should create and display tasks" classname="demo-account.e2e.test.ts" time="0">
<skipped>
</skipped>
</testcase>
<testcase name="Demo Account E2E Tests › Core Features › should access goals section" classname="demo-account.e2e.test.ts" time="0">
<skipped>
</skipped>
</testcase>
<testcase name="Demo Account E2E Tests › Core Features › should access habits section" classname="demo-account.e2e.test.ts" time="0">
<skipped>
</skipped>
</testcase>
<testcase name="Demo Account E2E Tests › Error Handling › should reject invalid PIN" classname="demo-account.e2e.test.ts" time="0">
<skipped>
</skipped>
</testcase>
<testcase name="Demo Account E2E Tests › Error Handling › should handle network errors gracefully" classname="demo-account.e2e.test.ts" time="0">
<skipped>
</skipped>
</testcase>
<testcase name="Demo Account E2E Tests › Performance › should load dashboard within acceptable time" classname="demo-account.e2e.test.ts" time="0">
<skipped>
</skipped>
</testcase>
<testcase name="Demo Account E2E Tests › Performance › should handle multiple rapid navigations" classname="demo-account.e2e.test.ts" time="0">
<skipped>
</skipped>
</testcase>
<testcase name="Demo Account E2E Tests › Mobile Responsiveness › should work on mobile viewport" classname="demo-account.e2e.test.ts" time="0">
<skipped>
</skipped>
</testcase>
<testcase name="Demo Account E2E Tests › Mobile Responsiveness › should maintain functionality on tablet viewport" classname="demo-account.e2e.test.ts" time="0">
<skipped>
</skipped>
</testcase>
<testcase name="Demo Account E2E Tests › Accessibility › should be accessible with keyboard navigation" classname="demo-account.e2e.test.ts" time="0">
<skipped>
</skipped>
</testcase>
<testcase name="Demo Account E2E Tests › Accessibility › should have proper ARIA labels" classname="demo-account.e2e.test.ts" time="0">
<skipped>
</skipped>
</testcase>
</testsuite>
<testsuite name="auth.spec.ts" timestamp="2025-10-01T23:47:53.207Z" hostname="auth-tests-chromium" tests="29" failures="29" skipped="0" time="16.936" errors="0">
<testcase name="Authentication E2E Tests › Public Route Access › should allow access to home page without authentication" classname="auth.spec.ts" time="0.681">
<failure message="auth.spec.ts:147:9 should allow access to home page without authentication" type="FAILURE">
<![CDATA[  [auth-tests-chromium] › auth.spec.ts:147:9 › Authentication E2E Tests › Public Route Access › should allow access to home page without authentication 

    Error: page.evaluate: SecurityError: Failed to read the 'localStorage' property from 'Window': Access is denied for this document.
        at UtilityScript.evaluate (<anonymous>:293:16)
        at UtilityScript.<anonymous> (<anonymous>:1:44)
        at UtilityScript.evaluate (<anonymous>:293:16)
        at UtilityScript.<anonymous> (<anonymous>:1:44)
        at AuthPage.clearAuthData (C:\Users\damat\_REPOS\ASTRAL_PLANNER\tests\e2e\auth.spec.ts:94:21)
        at C:\Users\damat\_REPOS\ASTRAL_PLANNER\tests\e2e\auth.spec.ts:143:20

    attachment #1: screenshot (image/png) ──────────────────────────────────────────────────────────
    ..\..\test-results\e2e\auth-Authentication-E2E-Te-ace2d-page-without-authentication-auth-tests-chromium\test-failed-1.png
    ────────────────────────────────────────────────────────────────────────────────────────────────

[...]

    Error: page.evaluate: The operation is insecure.
    @debugger eval code line 291 > eval:2:7
    evaluate@debugger eval code:293:16
    @debugger eval code:1:44

        at @debugger eval code line 291 > eval:2:7
        at evaluate@debugger eval code:293:16
        at @debugger eval code:1:44
        at AuthPage.clearAuthData (C:\Users\damat\_REPOS\ASTRAL_PLANNER\tests\e2e\auth.spec.ts:94:21)
        at C:\Users\damat\_REPOS\ASTRAL_PLANNER\tests\e2e\auth.spec.ts:143:20

    attachment #1: screenshot (image/png) ──────────────────────────────────────────────────────────
    ..\..\test-results\e2e\auth-Authentication-E2E-Te-926a6-uld-handle-network-failures-auth-tests-firefox\test-failed-1.png
    ────────────────────────────────────────────────────────────────────────────────────────────────

    attachment #2: video (video/webm) ──────────────────────────────────────────────────────────────
    ..\..\test-results\e2e\auth-Authentication-E2E-Te-926a6-uld-handle-network-failures-auth-tests-firefox\video.webm
    ────────────────────────────────────────────────────────────────────────────────────────────────
]]>
</failure>
<system-out>
<![CDATA[
[[ATTACHMENT|test-results\e2e\auth-Authentication-E2E-Te-926a6-uld-handle-network-failures-auth-tests-firefox\test-failed-1.png]]

[[ATTACHMENT|test-results\e2e\auth-Authentication-E2E-Te-926a6-uld-handle-network-failures-auth-tests-firefox\video.webm]]
]]>
</system-out>
</testcase>
<testcase name="Authentication E2E Tests › Security Tests › should prevent access to admin routes for regular users" classname="auth.spec.ts" time="1.472">
<failure message="auth.spec.ts:469:9 should prevent access to admin routes for regular users" type="FAILURE">
<![CDATA[  [auth-tests-firefox] › auth.spec.ts:469:9 › Authentication E2E Tests › Security Tests › should prevent access to admin routes for regular users 

    Error: page.evaluate: The operation is insecure.
    @debugger eval code line 291 > eval:2:7
    evaluate@debugger eval code:293:16
    @debugger eval code:1:44

        at @debugger eval code line 291 > eval:2:7
        at evaluate@debugger eval code:293:16
        at @debugger eval code:1:44
        at AuthPage.clearAuthData (C:\Users\damat\_REPOS\ASTRAL_PLANNER\tests\e2e\auth.spec.ts:94:21)
        at C:\Users\damat\_REPOS\ASTRAL_PLANNER\tests\e2e\auth.spec.ts:143:20

    attachment #1: screenshot (image/png) ──────────────────────────────────────────────────────────
    ..\..\test-results\e2e\auth-Authentication-E2E-Te-59e88-in-routes-for-regular-users-auth-tests-firefox\test-failed-1.png
    ────────────────────────────────────────────────────────────────────────────────────────────────

    attachment #2: video (video/webm) ──────────────────────────────────────────────────────────────
    ..\..\test-results\e2e\auth-Authentication-E2E-Te-59e88-in-routes-for-regular-users-auth-tests-firefox\video.webm
    ────────────────────────────────────────────────────────────────────────────────────────────────
]]>
</failure>
<system-out>
<![CDATA[
[[ATTACHMENT|test-results\e2e\auth-Authentication-E2E-Te-59e88-in-routes-for-regular-users-auth-tests-firefox\test-failed-1.png]]

[[ATTACHMENT|test-results\e2e\auth-Authentication-E2E-Te-59e88-in-routes-for-regular-users-auth-tests-firefox\video.webm]]
]]>
</system-out>
</testcase>
<testcase name="Authentication E2E Tests › Security Tests › should not expose sensitive auth data in client" classname="auth.spec.ts" time="1.215">
<failure message="auth.spec.ts:487:9 should not expose sensitive auth data in client" type="FAILURE">
<![CDATA[  [auth-tests-firefox] › auth.spec.ts:487:9 › Authentication E2E Tests › Security Tests › should not expose sensitive auth data in client 

    Error: page.evaluate: The operation is insecure.
    @debugger eval code line 291 > eval:2:7
    evaluate@debugger eval code:293:16
    @debugger eval code:1:44

        at @debugger eval code line 291 > eval:2:7
        at evaluate@debugger eval code:293:16
        at @debugger eval code:1:44
        at AuthPage.clearAuthData (C:\Users\damat\_REPOS\ASTRAL_PLANNER\tests\e2e\auth.spec.ts:94:21)
        at C:\Users\damat\_REPOS\ASTRAL_PLANNER\tests\e2e\auth.spec.ts:143:20

    attachment #1: screenshot (image/png) ──────────────────────────────────────────────────────────
    ..\..\test-results\e2e\auth-Authentication-E2E-Te-030d9-nsitive-auth-data-in-client-auth-tests-firefox\test-failed-1.png
    ────────────────────────────────────────────────────────────────────────────────────────────────

    attachment #2: video (video/webm) ──────────────────────────────────────────────────────────────
    ..\..\test-results\e2e\auth-Authentication-E2E-Te-030d9-nsitive-auth-data-in-client-auth-tests-firefox\video.webm
    ────────────────────────────────────────────────────────────────────────────────────────────────
]]>
</failure>
<system-out>
<![CDATA[
[[ATTACHMENT|test-results\e2e\auth-Authentication-E2E-Te-030d9-nsitive-auth-data-in-client-auth-tests-firefox\test-failed-1.png]]

[[ATTACHMENT|test-results\e2e\auth-Authentication-E2E-Te-030d9-nsitive-auth-data-in-client-auth-tests-firefox\video.webm]]
]]>
</system-out>
</testcase>
<testcase name="Authentication E2E Tests › Security Tests › should handle XSS attempts in auth data" classname="auth.spec.ts" time="1.381">
<failure message="auth.spec.ts:511:9 should handle XSS attempts in auth data" type="FAILURE">
<![CDATA[  [auth-tests-firefox] › auth.spec.ts:511:9 › Authentication E2E Tests › Security Tests › should handle XSS attempts in auth data 

    Error: page.evaluate: The operation is insecure.
    @debugger eval code line 291 > eval:2:7
    evaluate@debugger eval code:293:16
    @debugger eval code:1:44

        at @debugger eval code line 291 > eval:2:7
        at evaluate@debugger eval code:293:16
        at @debugger eval code:1:44
        at AuthPage.clearAuthData (C:\Users\damat\_REPOS\ASTRAL_PLANNER\tests\e2e\auth.spec.ts:94:21)
        at C:\Users\damat\_REPOS\ASTRAL_PLANNER\tests\e2e\auth.spec.ts:143:20

    attachment #1: screenshot (image/png) ──────────────────────────────────────────────────────────
    ..\..\test-results\e2e\auth-Authentication-E2E-Te-361d1-e-XSS-attempts-in-auth-data-auth-tests-firefox\test-failed-1.png
    ────────────────────────────────────────────────────────────────────────────────────────────────

    attachment #2: video (video/webm) ──────────────────────────────────────────────────────────────
    ..\..\test-results\e2e\auth-Authentication-E2E-Te-361d1-e-XSS-attempts-in-auth-data-auth-tests-firefox\video.webm
    ────────────────────────────────────────────────────────────────────────────────────────────────
]]>
</failure>
<system-out>
<![CDATA[
[[ATTACHMENT|test-results\e2e\auth-Authentication-E2E-Te-361d1-e-XSS-attempts-in-auth-data-auth-tests-firefox\test-failed-1.png]]

[[ATTACHMENT|test-results\e2e\auth-Authentication-E2E-Te-361d1-e-XSS-attempts-in-auth-data-auth-tests-firefox\video.webm]]
]]>
</system-out>
</testcase>
<testcase name="Authentication E2E Tests › Performance Tests › should load authenticated pages quickly" classname="auth.spec.ts" time="1.281">
<failure message="auth.spec.ts:540:9 should load authenticated pages quickly" type="FAILURE">
<![CDATA[  [auth-tests-firefox] › auth.spec.ts:540:9 › Authentication E2E Tests › Performance Tests › should load authenticated pages quickly 

    Error: page.evaluate: The operation is insecure.
    @debugger eval code line 291 > eval:2:7
    evaluate@debugger eval code:293:16
    @debugger eval code:1:44

        at @debugger eval code line 291 > eval:2:7
        at evaluate@debugger eval code:293:16
        at @debugger eval code:1:44
        at AuthPage.clearAuthData (C:\Users\damat\_REPOS\ASTRAL_PLANNER\tests\e2e\auth.spec.ts:94:21)
        at C:\Users\damat\_REPOS\ASTRAL_PLANNER\tests\e2e\auth.spec.ts:143:20

    attachment #1: screenshot (image/png) ──────────────────────────────────────────────────────────
    ..\..\test-results\e2e\auth-Authentication-E2E-Te-79c2d-authenticated-pages-quickly-auth-tests-firefox\test-failed-1.png
    ────────────────────────────────────────────────────────────────────────────────────────────────

    attachment #2: video (video/webm) ──────────────────────────────────────────────────────────────
    ..\..\test-results\e2e\auth-Authentication-E2E-Te-79c2d-authenticated-pages-quickly-auth-tests-firefox\video.webm
    ────────────────────────────────────────────────────────────────────────────────────────────────
]]>
</failure>
<system-out>
<![CDATA[
[[ATTACHMENT|test-results\e2e\auth-Authentication-E2E-Te-79c2d-authenticated-pages-quickly-auth-tests-firefox\test-failed-1.png]]

[[ATTACHMENT|test-results\e2e\auth-Authentication-E2E-Te-79c2d-authenticated-pages-quickly-auth-tests-firefox\video.webm]]
]]>
</system-out>
</testcase>
<testcase name="Authentication E2E Tests › Performance Tests › should handle rapid navigation without issues" classname="auth.spec.ts" time="0.706">
<failure message="auth.spec.ts:552:9 should handle rapid navigation without issues" type="FAILURE">
<![CDATA[  [auth-tests-firefox] › auth.spec.ts:552:9 › Authentication E2E Tests › Performance Tests › should handle rapid navigation without issues 

    Error: page.evaluate: The operation is insecure.
    @debugger eval code line 291 > eval:2:7
    evaluate@debugger eval code:293:16
    @debugger eval code:1:44

        at @debugger eval code line 291 > eval:2:7
        at evaluate@debugger eval code:293:16
        at @debugger eval code:1:44
        at AuthPage.clearAuthData (C:\Users\damat\_REPOS\ASTRAL_PLANNER\tests\e2e\auth.spec.ts:94:21)
        at C:\Users\damat\_REPOS\ASTRAL_PLANNER\tests\e2e\auth.spec.ts:143:20

    attachment #1: screenshot (image/png) ──────────────────────────────────────────────────────────
    ..\..\test-results\e2e\auth-Authentication-E2E-Te-08eb1-d-navigation-without-issues-auth-tests-firefox\test-failed-1.png
    ────────────────────────────────────────────────────────────────────────────────────────────────

    attachment #2: video (video/webm) ──────────────────────────────────────────────────────────────
    ..\..\test-results\e2e\auth-Authentication-E2E-Te-08eb1-d-navigation-without-issues-auth-tests-firefox\video.webm
    ────────────────────────────────────────────────────────────────────────────────────────────────
]]>
</failure>
<system-out>
<![CDATA[
[[ATTACHMENT|test-results\e2e\auth-Authentication-E2E-Te-08eb1-d-navigation-without-issues-auth-tests-firefox\test-failed-1.png]]

[[ATTACHMENT|test-results\e2e\auth-Authentication-E2E-Te-08eb1-d-navigation-without-issues-auth-tests-firefox\video.webm]]
]]>
</system-out>
</testcase>
<testcase name="Authentication E2E Tests › Performance Tests › should not cause memory leaks with repeated auth operations" classname="auth.spec.ts" time="0.662">
<failure message="auth.spec.ts:569:9 should not cause memory leaks with repeated auth operations" type="FAILURE">
<![CDATA[  [auth-tests-firefox] › auth.spec.ts:569:9 › Authentication E2E Tests › Performance Tests › should not cause memory leaks with repeated auth operations 

    Error: page.evaluate: The operation is insecure.
    @debugger eval code line 291 > eval:2:7
    evaluate@debugger eval code:293:16
    @debugger eval code:1:44

        at @debugger eval code line 291 > eval:2:7
        at evaluate@debugger eval code:293:16
        at @debugger eval code:1:44
        at AuthPage.clearAuthData (C:\Users\damat\_REPOS\ASTRAL_PLANNER\tests\e2e\auth.spec.ts:94:21)
        at C:\Users\damat\_REPOS\ASTRAL_PLANNER\tests\e2e\auth.spec.ts:143:20

    attachment #1: screenshot (image/png) ──────────────────────────────────────────────────────────
    ..\..\test-results\e2e\auth-Authentication-E2E-Te-371ed-th-repeated-auth-operations-auth-tests-firefox\test-failed-1.png
    ────────────────────────────────────────────────────────────────────────────────────────────────

    attachment #2: video (video/webm) ──────────────────────────────────────────────────────────────
    ..\..\test-results\e2e\auth-Authentication-E2E-Te-371ed-th-repeated-auth-operations-auth-tests-firefox\video.webm
    ────────────────────────────────────────────────────────────────────────────────────────────────
]]>
</failure>
<system-out>
<![CDATA[
[[ATTACHMENT|test-results\e2e\auth-Authentication-E2E-Te-371ed-th-repeated-auth-operations-auth-tests-firefox\test-failed-1.png]]

[[ATTACHMENT|test-results\e2e\auth-Authentication-E2E-Te-371ed-th-repeated-auth-operations-auth-tests-firefox\video.webm]]
]]>
</system-out>
</testcase>
<testcase name="Authentication E2E Tests › Mobile and Responsive Tests › should work on mobile devices" classname="auth.spec.ts" time="1.042">
<failure message="auth.spec.ts:585:9 should work on mobile devices" type="FAILURE">
<![CDATA[  [auth-tests-firefox] › auth.spec.ts:585:9 › Authentication E2E Tests › Mobile and Responsive Tests › should work on mobile devices 

    Error: page.evaluate: The operation is insecure.
    @debugger eval code line 291 > eval:2:7
    evaluate@debugger eval code:293:16
    @debugger eval code:1:44

        at @debugger eval code line 291 > eval:2:7
        at evaluate@debugger eval code:293:16
        at @debugger eval code:1:44
        at AuthPage.clearAuthData (C:\Users\damat\_REPOS\ASTRAL_PLANNER\tests\e2e\auth.spec.ts:94:21)
        at C:\Users\damat\_REPOS\ASTRAL_PLANNER\tests\e2e\auth.spec.ts:143:20

    attachment #1: screenshot (image/png) ──────────────────────────────────────────────────────────
    ..\..\test-results\e2e\auth-Authentication-E2E-Te-cb7f5-ould-work-on-mobile-devices-auth-tests-firefox\test-failed-1.png
    ────────────────────────────────────────────────────────────────────────────────────────────────

    attachment #2: video (video/webm) ──────────────────────────────────────────────────────────────
    ..\..\test-results\e2e\auth-Authentication-E2E-Te-cb7f5-ould-work-on-mobile-devices-auth-tests-firefox\video.webm
    ────────────────────────────────────────────────────────────────────────────────────────────────
]]>
</failure>
<system-out>
<![CDATA[
[[ATTACHMENT|test-results\e2e\auth-Authentication-E2E-Te-cb7f5-ould-work-on-mobile-devices-auth-tests-firefox\test-failed-1.png]]

[[ATTACHMENT|test-results\e2e\auth-Authentication-E2E-Te-cb7f5-ould-work-on-mobile-devices-auth-tests-firefox\video.webm]]
]]>
</system-out>
</testcase>
<testcase name="Authentication E2E Tests › Mobile and Responsive Tests › should work on tablet devices" classname="auth.spec.ts" time="0.8">
<failure message="auth.spec.ts:604:9 should work on tablet devices" type="FAILURE">
<![CDATA[  [auth-tests-firefox] › auth.spec.ts:604:9 › Authentication E2E Tests › Mobile and Responsive Tests › should work on tablet devices 

    Error: page.evaluate: The operation is insecure.
    @debugger eval code line 291 > eval:2:7
    evaluate@debugger eval code:293:16
    @debugger eval code:1:44

        at @debugger eval code line 291 > eval:2:7
        at evaluate@debugger eval code:293:16
        at @debugger eval code:1:44
        at AuthPage.clearAuthData (C:\Users\damat\_REPOS\ASTRAL_PLANNER\tests\e2e\auth.spec.ts:94:21)
        at C:\Users\damat\_REPOS\ASTRAL_PLANNER\tests\e2e\auth.spec.ts:143:20

    attachment #1: screenshot (image/png) ──────────────────────────────────────────────────────────
    ..\..\test-results\e2e\auth-Authentication-E2E-Te-1e85e-ould-work-on-tablet-devices-auth-tests-firefox\test-failed-1.png
    ────────────────────────────────────────────────────────────────────────────────────────────────

    attachment #2: video (video/webm) ──────────────────────────────────────────────────────────────
    ..\..\test-results\e2e\auth-Authentication-E2E-Te-1e85e-ould-work-on-tablet-devices-auth-tests-firefox\video.webm
    ────────────────────────────────────────────────────────────────────────────────────────────────
]]>
</failure>
<system-out>
<![CDATA[
[[ATTACHMENT|test-results\e2e\auth-Authentication-E2E-Te-1e85e-ould-work-on-tablet-devices-auth-tests-firefox\test-failed-1.png]]

[[ATTACHMENT|test-results\e2e\auth-Authentication-E2E-Te-1e85e-ould-work-on-tablet-devices-auth-tests-firefox\video.webm]]
]]>
</system-out>
</testcase>
<testcase name="Authentication E2E Tests › Accessibility Tests › should be accessible with keyboard navigation" classname="auth.spec.ts" time="0.72">
<failure message="auth.spec.ts:622:9 should be accessible with keyboard navigation" type="FAILURE">
<![CDATA[  [auth-tests-firefox] › auth.spec.ts:622:9 › Authentication E2E Tests › Accessibility Tests › should be accessible with keyboard navigation 

    Error: page.evaluate: The operation is insecure.
    @debugger eval code line 291 > eval:2:7
    evaluate@debugger eval code:293:16
    @debugger eval code:1:44

        at @debugger eval code line 291 > eval:2:7
        at evaluate@debugger eval code:293:16
        at @debugger eval code:1:44
        at AuthPage.clearAuthData (C:\Users\damat\_REPOS\ASTRAL_PLANNER\tests\e2e\auth.spec.ts:94:21)
        at C:\Users\damat\_REPOS\ASTRAL_PLANNER\tests\e2e\auth.spec.ts:143:20

    attachment #1: screenshot (image/png) ──────────────────────────────────────────────────────────
    ..\..\test-results\e2e\auth-Authentication-E2E-Te-049c4-le-with-keyboard-navigation-auth-tests-firefox\test-failed-1.png
    ────────────────────────────────────────────────────────────────────────────────────────────────

    attachment #2: video (video/webm) ──────────────────────────────────────────────────────────────
    ..\..\test-results\e2e\auth-Authentication-E2E-Te-049c4-le-with-keyboard-navigation-auth-tests-firefox\video.webm
    ────────────────────────────────────────────────────────────────────────────────────────────────
]]>
</failure>
<system-out>
<![CDATA[
[[ATTACHMENT|test-results\e2e\auth-Authentication-E2E-Te-049c4-le-with-keyboard-navigation-auth-tests-firefox\test-failed-1.png]]

[[ATTACHMENT|test-results\e2e\auth-Authentication-E2E-Te-049c4-le-with-keyboard-navigation-auth-tests-firefox\video.webm]]
]]>
</system-out>
</testcase>
<testcase name="Authentication E2E Tests › Accessibility Tests › should have proper ARIA labels and roles" classname="auth.spec.ts" time="0.738">
<failure message="auth.spec.ts:642:9 should have proper ARIA labels and roles" type="FAILURE">
<![CDATA[  [auth-tests-firefox] › auth.spec.ts:642:9 › Authentication E2E Tests › Accessibility Tests › should have proper ARIA labels and roles 

    Error: page.evaluate: The operation is insecure.
    @debugger eval code line 291 > eval:2:7
    evaluate@debugger eval code:293:16
    @debugger eval code:1:44

        at @debugger eval code line 291 > eval:2:7
        at evaluate@debugger eval code:293:16
        at @debugger eval code:1:44
        at AuthPage.clearAuthData (C:\Users\damat\_REPOS\ASTRAL_PLANNER\tests\e2e\auth.spec.ts:94:21)
        at C:\Users\damat\_REPOS\ASTRAL_PLANNER\tests\e2e\auth.spec.ts:143:20

    attachment #1: screenshot (image/png) ──────────────────────────────────────────────────────────
    ..\..\test-results\e2e\auth-Authentication-E2E-Te-797a3-roper-ARIA-labels-and-roles-auth-tests-firefox\test-failed-1.png
    ────────────────────────────────────────────────────────────────────────────────────────────────

    attachment #2: video (video/webm) ──────────────────────────────────────────────────────────────
    ..\..\test-results\e2e\auth-Authentication-E2E-Te-797a3-roper-ARIA-labels-and-roles-auth-tests-firefox\video.webm
    ────────────────────────────────────────────────────────────────────────────────────────────────
]]>
</failure>
<system-out>
<![CDATA[
[[ATTACHMENT|test-results\e2e\auth-Authentication-E2E-Te-797a3-roper-ARIA-labels-and-roles-auth-tests-firefox\test-failed-1.png]]

[[ATTACHMENT|test-results\e2e\auth-Authentication-E2E-Te-797a3-roper-ARIA-labels-and-roles-auth-tests-firefox\video.webm]]
]]>
</system-out>
</testcase>
</testsuite>
</testsuites>